{"C:\\Users\\Daniel Mesa\\Desktop\\mitca\\backend\\chatSocket.js": {"path":"C:\\Users\\Daniel Mesa\\Desktop\\mitca\\backend\\chatSocket.js","statementMap":{"0":{"start":{"line":2,"column":18},"end":{"line":2,"column":31}},"1":{"start":{"line":4,"column":19},"end":{"line":48,"column":1}},"2":{"start":{"line":5,"column":18},"end":{"line":5,"column":27}},"3":{"start":{"line":7,"column":2},"end":{"line":47,"column":5}},"4":{"start":{"line":8,"column":4},"end":{"line":8,"column":20}},"5":{"start":{"line":10,"column":4},"end":{"line":42,"column":7}},"6":{"start":{"line":11,"column":6},"end":{"line":41,"column":7}},"7":{"start":{"line":12,"column":28},"end":{"line":12,"column":47}},"8":{"start":{"line":13,"column":8},"end":{"line":13,"column":60}},"9":{"start":{"line":16,"column":8},"end":{"line":38,"column":9}},"10":{"start":{"line":18,"column":10},"end":{"line":22,"column":13}},"11":{"start":{"line":19,"column":12},"end":{"line":21,"column":13}},"12":{"start":{"line":20,"column":14},"end":{"line":20,"column":55}},"13":{"start":{"line":23,"column":15},"end":{"line":38,"column":9}},"14":{"start":{"line":25,"column":10},"end":{"line":29,"column":13}},"15":{"start":{"line":26,"column":12},"end":{"line":28,"column":13}},"16":{"start":{"line":27,"column":14},"end":{"line":27,"column":55}},"17":{"start":{"line":33,"column":10},"end":{"line":37,"column":13}},"18":{"start":{"line":34,"column":12},"end":{"line":36,"column":13}},"19":{"start":{"line":35,"column":14},"end":{"line":35,"column":55}},"20":{"start":{"line":40,"column":8},"end":{"line":40,"column":62}},"21":{"start":{"line":44,"column":4},"end":{"line":46,"column":7}},"22":{"start":{"line":45,"column":6},"end":{"line":45,"column":25}},"23":{"start":{"line":50,"column":0},"end":{"line":50,"column":28}}},"fnMap":{"0":{"name":"(anonymous_0)","decl":{"start":{"line":4,"column":19},"end":{"line":4,"column":20}},"loc":{"start":{"line":4,"column":28},"end":{"line":48,"column":1}},"line":4},"1":{"name":"(anonymous_1)","decl":{"start":{"line":7,"column":23},"end":{"line":7,"column":24}},"loc":{"start":{"line":7,"column":31},"end":{"line":47,"column":3}},"line":7},"2":{"name":"(anonymous_2)","decl":{"start":{"line":10,"column":21},"end":{"line":10,"column":22}},"loc":{"start":{"line":10,"column":34},"end":{"line":42,"column":5}},"line":10},"3":{"name":"(anonymous_3)","decl":{"start":{"line":18,"column":26},"end":{"line":18,"column":27}},"loc":{"start":{"line":18,"column":38},"end":{"line":22,"column":11}},"line":18},"4":{"name":"(anonymous_4)","decl":{"start":{"line":25,"column":26},"end":{"line":25,"column":27}},"loc":{"start":{"line":25,"column":38},"end":{"line":29,"column":11}},"line":25},"5":{"name":"(anonymous_5)","decl":{"start":{"line":33,"column":26},"end":{"line":33,"column":27}},"loc":{"start":{"line":33,"column":38},"end":{"line":37,"column":11}},"line":33},"6":{"name":"(anonymous_6)","decl":{"start":{"line":44,"column":19},"end":{"line":44,"column":20}},"loc":{"start":{"line":44,"column":25},"end":{"line":46,"column":5}},"line":44}},"branchMap":{"0":{"loc":{"start":{"line":16,"column":8},"end":{"line":38,"column":9}},"type":"if","locations":[{"start":{"line":16,"column":8},"end":{"line":38,"column":9}},{"start":{"line":23,"column":15},"end":{"line":38,"column":9}}],"line":16},"1":{"loc":{"start":{"line":19,"column":12},"end":{"line":21,"column":13}},"type":"if","locations":[{"start":{"line":19,"column":12},"end":{"line":21,"column":13}},{"start":{},"end":{}}],"line":19},"2":{"loc":{"start":{"line":19,"column":16},"end":{"line":19,"column":69}},"type":"binary-expr","locations":[{"start":{"line":19,"column":16},"end":{"line":19,"column":29}},{"start":{"line":19,"column":33},"end":{"line":19,"column":69}}],"line":19},"3":{"loc":{"start":{"line":23,"column":15},"end":{"line":38,"column":9}},"type":"if","locations":[{"start":{"line":23,"column":15},"end":{"line":38,"column":9}},{"start":{"line":31,"column":13},"end":{"line":38,"column":9}}],"line":23},"4":{"loc":{"start":{"line":26,"column":12},"end":{"line":28,"column":13}},"type":"if","locations":[{"start":{"line":26,"column":12},"end":{"line":28,"column":13}},{"start":{},"end":{}}],"line":26},"5":{"loc":{"start":{"line":26,"column":16},"end":{"line":26,"column":69}},"type":"binary-expr","locations":[{"start":{"line":26,"column":16},"end":{"line":26,"column":29}},{"start":{"line":26,"column":33},"end":{"line":26,"column":69}}],"line":26},"6":{"loc":{"start":{"line":34,"column":12},"end":{"line":36,"column":13}},"type":"if","locations":[{"start":{"line":34,"column":12},"end":{"line":36,"column":13}},{"start":{},"end":{}}],"line":34}},"s":{"0":1,"1":1,"2":1,"3":1,"4":0,"5":0,"6":0,"7":0,"8":0,"9":0,"10":0,"11":0,"12":0,"13":0,"14":0,"15":0,"16":0,"17":0,"18":0,"19":0,"20":0,"21":0,"22":0,"23":1},"f":{"0":1,"1":0,"2":0,"3":0,"4":0,"5":0,"6":0},"b":{"0":[0,0],"1":[0,0],"2":[0,0],"3":[0,0],"4":[0,0],"5":[0,0],"6":[0,0]},"_coverageSchema":"1a1c01bbd47fc00a2c39e90264f33305004495a9","hash":"56b654eedabfde7d74286368120fa11c659bc9e0"}
,"C:\\Users\\Daniel Mesa\\Desktop\\mitca\\backend\\server.js": {"path":"C:\\Users\\Daniel Mesa\\Desktop\\mitca\\backend\\server.js","statementMap":{"0":{"start":{"line":1,"column":16},"end":{"line":1,"column":34}},"1":{"start":{"line":2,"column":17},"end":{"line":2,"column":36}},"2":{"start":{"line":3,"column":19},"end":{"line":3,"column":41}},"3":{"start":{"line":4,"column":15},"end":{"line":4,"column":32}},"4":{"start":{"line":5,"column":13},"end":{"line":5,"column":28}},"5":{"start":{"line":7,"column":14},"end":{"line":7,"column":30}},"6":{"start":{"line":8,"column":11},"end":{"line":8,"column":24}},"7":{"start":{"line":10,"column":18},"end":{"line":10,"column":31}},"8":{"start":{"line":11,"column":13},"end":{"line":11,"column":28}},"9":{"start":{"line":13,"column":0},"end":{"line":13,"column":27}},"10":{"start":{"line":15,"column":12},"end":{"line":15,"column":21}},"11":{"start":{"line":16,"column":15},"end":{"line":19,"column":7}},"12":{"start":{"line":21,"column":12},"end":{"line":21,"column":44}},"13":{"start":{"line":23,"column":13},"end":{"line":23,"column":37}},"14":{"start":{"line":24,"column":21},"end":{"line":24,"column":76}},"15":{"start":{"line":26,"column":0},"end":{"line":31,"column":3}},"16":{"start":{"line":33,"column":20},"end":{"line":49,"column":1}},"17":{"start":{"line":35,"column":4},"end":{"line":44,"column":5}},"18":{"start":{"line":37,"column":6},"end":{"line":37,"column":27}},"19":{"start":{"line":38,"column":11},"end":{"line":44,"column":5}},"20":{"start":{"line":40,"column":6},"end":{"line":40,"column":27}},"21":{"start":{"line":43,"column":6},"end":{"line":43,"column":28}},"22":{"start":{"line":51,"column":0},"end":{"line":51,"column":27}},"23":{"start":{"line":52,"column":0},"end":{"line":52,"column":51}},"24":{"start":{"line":53,"column":0},"end":{"line":53,"column":24}},"25":{"start":{"line":54,"column":0},"end":{"line":54,"column":56}},"26":{"start":{"line":57,"column":13},"end":{"line":57,"column":37}},"27":{"start":{"line":58,"column":19},"end":{"line":58,"column":49}},"28":{"start":{"line":59,"column":21},"end":{"line":59,"column":53}},"29":{"start":{"line":60,"column":22},"end":{"line":60,"column":55}},"30":{"start":{"line":61,"column":21},"end":{"line":61,"column":53}},"31":{"start":{"line":62,"column":19},"end":{"line":62,"column":49}},"32":{"start":{"line":63,"column":20},"end":{"line":63,"column":51}},"33":{"start":{"line":64,"column":19},"end":{"line":64,"column":49}},"34":{"start":{"line":65,"column":27},"end":{"line":65,"column":65}},"35":{"start":{"line":66,"column":22},"end":{"line":66,"column":55}},"36":{"start":{"line":69,"column":0},"end":{"line":69,"column":30}},"37":{"start":{"line":70,"column":0},"end":{"line":70,"column":34}},"38":{"start":{"line":71,"column":0},"end":{"line":71,"column":36}},"39":{"start":{"line":72,"column":0},"end":{"line":72,"column":33}},"40":{"start":{"line":73,"column":0},"end":{"line":73,"column":30}},"41":{"start":{"line":74,"column":0},"end":{"line":74,"column":32}},"42":{"start":{"line":75,"column":0},"end":{"line":75,"column":29}},"43":{"start":{"line":76,"column":0},"end":{"line":76,"column":46}},"44":{"start":{"line":77,"column":0},"end":{"line":77,"column":36}},"45":{"start":{"line":81,"column":11},"end":{"line":81,"column":30}},"46":{"start":{"line":82,"column":0},"end":{"line":99,"column":3}},"47":{"start":{"line":83,"column":2},"end":{"line":83,"column":44}},"48":{"start":{"line":86,"column":20},"end":{"line":86,"column":66}},"49":{"start":{"line":88,"column":2},"end":{"line":98,"column":3}},"50":{"start":{"line":89,"column":4},"end":{"line":96,"column":7}},"51":{"start":{"line":97,"column":4},"end":{"line":97,"column":55}},"52":{"start":{"line":102,"column":0},"end":{"line":102,"column":29}},"53":{"start":{"line":105,"column":0},"end":{"line":108,"column":3}},"54":{"start":{"line":106,"column":2},"end":{"line":106,"column":27}},"55":{"start":{"line":107,"column":2},"end":{"line":107,"column":43}},"56":{"start":{"line":110,"column":0},"end":{"line":110,"column":74}},"57":{"start":{"line":110,"column":26},"end":{"line":110,"column":72}},"58":{"start":{"line":112,"column":0},"end":{"line":112,"column":21}}},"fnMap":{"0":{"name":"(anonymous_0)","decl":{"start":{"line":34,"column":10},"end":{"line":34,"column":11}},"loc":{"start":{"line":34,"column":32},"end":{"line":45,"column":3}},"line":34},"1":{"name":"(anonymous_1)","decl":{"start":{"line":82,"column":16},"end":{"line":82,"column":17}},"loc":{"start":{"line":82,"column":28},"end":{"line":99,"column":1}},"line":82},"2":{"name":"(anonymous_2)","decl":{"start":{"line":105,"column":8},"end":{"line":105,"column":9}},"loc":{"start":{"line":105,"column":33},"end":{"line":108,"column":1}},"line":105},"3":{"name":"(anonymous_3)","decl":{"start":{"line":110,"column":20},"end":{"line":110,"column":21}},"loc":{"start":{"line":110,"column":26},"end":{"line":110,"column":72}},"line":110}},"branchMap":{"0":{"loc":{"start":{"line":23,"column":13},"end":{"line":23,"column":37}},"type":"binary-expr","locations":[{"start":{"line":23,"column":13},"end":{"line":23,"column":29}},{"start":{"line":23,"column":33},"end":{"line":23,"column":37}}],"line":23},"1":{"loc":{"start":{"line":24,"column":21},"end":{"line":24,"column":76}},"type":"binary-expr","locations":[{"start":{"line":24,"column":21},"end":{"line":24,"column":39}},{"start":{"line":24,"column":43},"end":{"line":24,"column":76}}],"line":24},"2":{"loc":{"start":{"line":29,"column":8},"end":{"line":29,"column":33}},"type":"binary-expr","locations":[{"start":{"line":29,"column":8},"end":{"line":29,"column":27}},{"start":{"line":29,"column":31},"end":{"line":29,"column":33}}],"line":29},"3":{"loc":{"start":{"line":30,"column":8},"end":{"line":30,"column":37}},"type":"binary-expr","locations":[{"start":{"line":30,"column":8},"end":{"line":30,"column":31}},{"start":{"line":30,"column":35},"end":{"line":30,"column":37}}],"line":30},"4":{"loc":{"start":{"line":35,"column":4},"end":{"line":44,"column":5}},"type":"if","locations":[{"start":{"line":35,"column":4},"end":{"line":44,"column":5}},{"start":{"line":38,"column":11},"end":{"line":44,"column":5}}],"line":35},"5":{"loc":{"start":{"line":35,"column":8},"end":{"line":35,"column":47}},"type":"binary-expr","locations":[{"start":{"line":35,"column":8},"end":{"line":35,"column":14}},{"start":{"line":35,"column":18},"end":{"line":35,"column":47}}],"line":35},"6":{"loc":{"start":{"line":38,"column":11},"end":{"line":44,"column":5}},"type":"if","locations":[{"start":{"line":38,"column":11},"end":{"line":44,"column":5}},{"start":{"line":41,"column":11},"end":{"line":44,"column":5}}],"line":38},"7":{"loc":{"start":{"line":38,"column":15},"end":{"line":38,"column":53}},"type":"binary-expr","locations":[{"start":{"line":38,"column":15},"end":{"line":38,"column":21}},{"start":{"line":38,"column":25},"end":{"line":38,"column":53}}],"line":38},"8":{"loc":{"start":{"line":88,"column":2},"end":{"line":98,"column":3}},"type":"if","locations":[{"start":{"line":88,"column":2},"end":{"line":98,"column":3}},{"start":{},"end":{}}],"line":88}},"s":{"0":1,"1":1,"2":1,"3":1,"4":1,"5":1,"6":1,"7":1,"8":1,"9":1,"10":1,"11":1,"12":1,"13":1,"14":1,"15":1,"16":1,"17":47,"18":0,"19":47,"20":0,"21":47,"22":1,"23":1,"24":1,"25":1,"26":1,"27":1,"28":1,"29":1,"30":1,"31":1,"32":1,"33":1,"34":1,"35":1,"36":1,"37":1,"38":1,"39":1,"40":1,"41":1,"42":1,"43":1,"44":1,"45":1,"46":1,"47":1,"48":1,"49":1,"50":0,"51":0,"52":1,"53":1,"54":0,"55":0,"56":1,"57":1,"58":1},"f":{"0":47,"1":1,"2":0,"3":1},"b":{"0":[1,1],"1":[1,0],"2":[1,1],"3":[1,1],"4":[0,47],"5":[47,0],"6":[0,47],"7":[47,0],"8":[0,1]},"_coverageSchema":"1a1c01bbd47fc00a2c39e90264f33305004495a9","hash":"d2ad8594ee3d432cf0e07ba30cf8bffb10f9cdf3"}
,"C:\\Users\\Daniel Mesa\\Desktop\\mitca\\backend\\controllers\\MessageController.js": {"path":"C:\\Users\\Daniel Mesa\\Desktop\\mitca\\backend\\controllers\\MessageController.js","statementMap":{"0":{"start":{"line":2,"column":16},"end":{"line":2,"column":44}},"1":{"start":{"line":5,"column":22},"end":{"line":14,"column":1}},"2":{"start":{"line":6,"column":2},"end":{"line":13,"column":3}},"3":{"start":{"line":7,"column":32},"end":{"line":7,"column":40}},"4":{"start":{"line":8,"column":23},"end":{"line":8,"column":55}},"5":{"start":{"line":9,"column":4},"end":{"line":9,"column":28}},"6":{"start":{"line":10,"column":4},"end":{"line":10,"column":37}},"7":{"start":{"line":12,"column":4},"end":{"line":12,"column":51}},"8":{"start":{"line":17,"column":20},"end":{"line":24,"column":1}},"9":{"start":{"line":18,"column":2},"end":{"line":23,"column":3}},"10":{"start":{"line":19,"column":21},"end":{"line":19,"column":64}},"11":{"start":{"line":20,"column":4},"end":{"line":20,"column":23}},"12":{"start":{"line":22,"column":4},"end":{"line":22,"column":35}},"13":{"start":{"line":26,"column":23},"end":{"line":37,"column":1}},"14":{"start":{"line":27,"column":2},"end":{"line":36,"column":3}},"15":{"start":{"line":28,"column":20},"end":{"line":28,"column":67}},"16":{"start":{"line":29,"column":4},"end":{"line":31,"column":5}},"17":{"start":{"line":30,"column":6},"end":{"line":30,"column":82}},"18":{"start":{"line":33,"column":4},"end":{"line":33,"column":26}},"19":{"start":{"line":35,"column":4},"end":{"line":35,"column":67}},"20":{"start":{"line":39,"column":22},"end":{"line":52,"column":1}},"21":{"start":{"line":40,"column":2},"end":{"line":51,"column":3}},"22":{"start":{"line":41,"column":20},"end":{"line":44,"column":6}},"23":{"start":{"line":45,"column":4},"end":{"line":47,"column":5}},"24":{"start":{"line":46,"column":6},"end":{"line":46,"column":82}},"25":{"start":{"line":48,"column":4},"end":{"line":48,"column":41}},"26":{"start":{"line":50,"column":4},"end":{"line":50,"column":67}},"27":{"start":{"line":54,"column":23},"end":{"line":64,"column":1}},"28":{"start":{"line":55,"column":2},"end":{"line":63,"column":3}},"29":{"start":{"line":56,"column":20},"end":{"line":56,"column":58}},"30":{"start":{"line":57,"column":4},"end":{"line":59,"column":5}},"31":{"start":{"line":58,"column":6},"end":{"line":58,"column":82}},"32":{"start":{"line":60,"column":4},"end":{"line":60,"column":41}},"33":{"start":{"line":62,"column":4},"end":{"line":62,"column":67}},"34":{"start":{"line":66,"column":0},"end":{"line":72,"column":2}}},"fnMap":{"0":{"name":"(anonymous_0)","decl":{"start":{"line":5,"column":22},"end":{"line":5,"column":23}},"loc":{"start":{"line":5,"column":42},"end":{"line":14,"column":1}},"line":5},"1":{"name":"(anonymous_1)","decl":{"start":{"line":17,"column":20},"end":{"line":17,"column":21}},"loc":{"start":{"line":17,"column":40},"end":{"line":24,"column":1}},"line":17},"2":{"name":"(anonymous_2)","decl":{"start":{"line":26,"column":23},"end":{"line":26,"column":24}},"loc":{"start":{"line":26,"column":43},"end":{"line":37,"column":1}},"line":26},"3":{"name":"(anonymous_3)","decl":{"start":{"line":39,"column":22},"end":{"line":39,"column":23}},"loc":{"start":{"line":39,"column":42},"end":{"line":52,"column":1}},"line":39},"4":{"name":"(anonymous_4)","decl":{"start":{"line":54,"column":23},"end":{"line":54,"column":24}},"loc":{"start":{"line":54,"column":43},"end":{"line":64,"column":1}},"line":54}},"branchMap":{"0":{"loc":{"start":{"line":29,"column":4},"end":{"line":31,"column":5}},"type":"if","locations":[{"start":{"line":29,"column":4},"end":{"line":31,"column":5}},{"start":{},"end":{}}],"line":29},"1":{"loc":{"start":{"line":45,"column":4},"end":{"line":47,"column":5}},"type":"if","locations":[{"start":{"line":45,"column":4},"end":{"line":47,"column":5}},{"start":{},"end":{}}],"line":45},"2":{"loc":{"start":{"line":57,"column":4},"end":{"line":59,"column":5}},"type":"if","locations":[{"start":{"line":57,"column":4},"end":{"line":59,"column":5}},{"start":{},"end":{}}],"line":57}},"s":{"0":1,"1":1,"2":1,"3":1,"4":1,"5":1,"6":1,"7":0,"8":1,"9":2,"10":2,"11":2,"12":0,"13":1,"14":2,"15":2,"16":1,"17":0,"18":1,"19":1,"20":1,"21":0,"22":0,"23":0,"24":0,"25":0,"26":0,"27":1,"28":0,"29":0,"30":0,"31":0,"32":0,"33":0,"34":1},"f":{"0":1,"1":2,"2":2,"3":0,"4":0},"b":{"0":[0,1],"1":[0,0],"2":[0,0]},"_coverageSchema":"1a1c01bbd47fc00a2c39e90264f33305004495a9","hash":"1fa93c165ec3e0871876d004e6092abb83a07325"}
,"C:\\Users\\Daniel Mesa\\Desktop\\mitca\\backend\\controllers\\RaceController.js": {"path":"C:\\Users\\Daniel Mesa\\Desktop\\mitca\\backend\\controllers\\RaceController.js","statementMap":{"0":{"start":{"line":1,"column":13},"end":{"line":1,"column":38}},"1":{"start":{"line":2,"column":14},"end":{"line":2,"column":40}},"2":{"start":{"line":3,"column":15},"end":{"line":3,"column":42}},"3":{"start":{"line":4,"column":11},"end":{"line":4,"column":24}},"4":{"start":{"line":5,"column":13},"end":{"line":5,"column":28}},"5":{"start":{"line":7,"column":0},"end":{"line":19,"column":2}},"6":{"start":{"line":8,"column":2},"end":{"line":18,"column":3}},"7":{"start":{"line":9,"column":20},"end":{"line":9,"column":38}},"8":{"start":{"line":10,"column":4},"end":{"line":10,"column":26}},"9":{"start":{"line":11,"column":2},"end":{"line":13,"column":3}},"10":{"start":{"line":12,"column":4},"end":{"line":12,"column":41}},"11":{"start":{"line":14,"column":4},"end":{"line":14,"column":25}},"12":{"start":{"line":15,"column":4},"end":{"line":15,"column":59}},"13":{"start":{"line":17,"column":4},"end":{"line":17,"column":67}},"14":{"start":{"line":22,"column":0},"end":{"line":29,"column":2}},"15":{"start":{"line":23,"column":2},"end":{"line":28,"column":3}},"16":{"start":{"line":24,"column":18},"end":{"line":24,"column":113}},"17":{"start":{"line":25,"column":4},"end":{"line":25,"column":57}},"18":{"start":{"line":27,"column":4},"end":{"line":27,"column":67}},"19":{"start":{"line":34,"column":0},"end":{"line":44,"column":2}},"20":{"start":{"line":35,"column":2},"end":{"line":43,"column":3}},"21":{"start":{"line":36,"column":17},"end":{"line":36,"column":130}},"22":{"start":{"line":37,"column":4},"end":{"line":39,"column":5}},"23":{"start":{"line":38,"column":6},"end":{"line":38,"column":79}},"24":{"start":{"line":40,"column":4},"end":{"line":40,"column":56}},"25":{"start":{"line":42,"column":4},"end":{"line":42,"column":67}},"26":{"start":{"line":47,"column":0},"end":{"line":60,"column":2}},"27":{"start":{"line":48,"column":2},"end":{"line":59,"column":3}},"28":{"start":{"line":49,"column":17},"end":{"line":52,"column":84}},"29":{"start":{"line":53,"column":4},"end":{"line":55,"column":5}},"30":{"start":{"line":54,"column":6},"end":{"line":54,"column":79}},"31":{"start":{"line":56,"column":4},"end":{"line":56,"column":56}},"32":{"start":{"line":58,"column":4},"end":{"line":58,"column":67}},"33":{"start":{"line":65,"column":0},"end":{"line":92,"column":2}},"34":{"start":{"line":66,"column":18},"end":{"line":66,"column":28}},"35":{"start":{"line":67,"column":18},"end":{"line":67,"column":26}},"36":{"start":{"line":69,"column":2},"end":{"line":91,"column":3}},"37":{"start":{"line":70,"column":17},"end":{"line":70,"column":49}},"38":{"start":{"line":72,"column":4},"end":{"line":74,"column":5}},"39":{"start":{"line":73,"column":6},"end":{"line":73,"column":79}},"40":{"start":{"line":77,"column":4},"end":{"line":86,"column":5}},"41":{"start":{"line":78,"column":6},"end":{"line":78,"column":50}},"42":{"start":{"line":81,"column":6},"end":{"line":83,"column":9}},"43":{"start":{"line":82,"column":8},"end":{"line":82,"column":33}},"44":{"start":{"line":85,"column":6},"end":{"line":85,"column":24}},"45":{"start":{"line":87,"column":18},"end":{"line":87,"column":91}},"46":{"start":{"line":88,"column":4},"end":{"line":88,"column":57}},"47":{"start":{"line":90,"column":4},"end":{"line":90,"column":67}},"48":{"start":{"line":96,"column":0},"end":{"line":117,"column":2}},"49":{"start":{"line":97,"column":2},"end":{"line":116,"column":3}},"50":{"start":{"line":98,"column":17},"end":{"line":98,"column":61}},"51":{"start":{"line":99,"column":4},"end":{"line":101,"column":5}},"52":{"start":{"line":100,"column":6},"end":{"line":100,"column":79}},"53":{"start":{"line":104,"column":4},"end":{"line":104,"column":54}},"54":{"start":{"line":105,"column":4},"end":{"line":105,"column":56}},"55":{"start":{"line":107,"column":22},"end":{"line":107,"column":83}},"56":{"start":{"line":108,"column":4},"end":{"line":110,"column":5}},"57":{"start":{"line":109,"column":6},"end":{"line":109,"column":31}},"58":{"start":{"line":113,"column":4},"end":{"line":113,"column":54}},"59":{"start":{"line":115,"column":4},"end":{"line":115,"column":67}},"60":{"start":{"line":119,"column":0},"end":{"line":144,"column":2}},"61":{"start":{"line":120,"column":2},"end":{"line":143,"column":3}},"62":{"start":{"line":121,"column":19},"end":{"line":121,"column":30}},"63":{"start":{"line":122,"column":17},"end":{"line":122,"column":44}},"64":{"start":{"line":124,"column":4},"end":{"line":126,"column":5}},"65":{"start":{"line":125,"column":6},"end":{"line":125,"column":86}},"66":{"start":{"line":128,"column":25},"end":{"line":128,"column":46}},"67":{"start":{"line":129,"column":20},"end":{"line":129,"column":36}},"68":{"start":{"line":132,"column":4},"end":{"line":132,"column":110}},"69":{"start":{"line":132,"column":49},"end":{"line":132,"column":108}},"70":{"start":{"line":135,"column":4},"end":{"line":135,"column":53}},"71":{"start":{"line":138,"column":4},"end":{"line":138,"column":22}},"72":{"start":{"line":139,"column":18},"end":{"line":139,"column":65}},"73":{"start":{"line":140,"column":4},"end":{"line":140,"column":57}},"74":{"start":{"line":142,"column":4},"end":{"line":142,"column":67}},"75":{"start":{"line":147,"column":0},"end":{"line":166,"column":2}},"76":{"start":{"line":148,"column":2},"end":{"line":165,"column":3}},"77":{"start":{"line":149,"column":19},"end":{"line":149,"column":33}},"78":{"start":{"line":150,"column":22},"end":{"line":150,"column":44}},"79":{"start":{"line":152,"column":17},"end":{"line":156,"column":26}},"80":{"start":{"line":158,"column":4},"end":{"line":160,"column":5}},"81":{"start":{"line":159,"column":6},"end":{"line":159,"column":79}},"82":{"start":{"line":162,"column":4},"end":{"line":162,"column":56}},"83":{"start":{"line":164,"column":4},"end":{"line":164,"column":67}}},"fnMap":{"0":{"name":"(anonymous_0)","decl":{"start":{"line":7,"column":21},"end":{"line":7,"column":22}},"loc":{"start":{"line":7,"column":41},"end":{"line":19,"column":1}},"line":7},"1":{"name":"(anonymous_1)","decl":{"start":{"line":22,"column":19},"end":{"line":22,"column":20}},"loc":{"start":{"line":22,"column":39},"end":{"line":29,"column":1}},"line":22},"2":{"name":"(anonymous_2)","decl":{"start":{"line":34,"column":22},"end":{"line":34,"column":23}},"loc":{"start":{"line":34,"column":42},"end":{"line":44,"column":1}},"line":34},"3":{"name":"(anonymous_3)","decl":{"start":{"line":47,"column":21},"end":{"line":47,"column":22}},"loc":{"start":{"line":47,"column":41},"end":{"line":60,"column":1}},"line":47},"4":{"name":"(anonymous_4)","decl":{"start":{"line":65,"column":20},"end":{"line":65,"column":21}},"loc":{"start":{"line":65,"column":40},"end":{"line":92,"column":1}},"line":65},"5":{"name":"(anonymous_5)","decl":{"start":{"line":81,"column":35},"end":{"line":81,"column":36}},"loc":{"start":{"line":81,"column":44},"end":{"line":83,"column":7}},"line":81},"6":{"name":"(anonymous_6)","decl":{"start":{"line":96,"column":21},"end":{"line":96,"column":22}},"loc":{"start":{"line":96,"column":41},"end":{"line":117,"column":1}},"line":96},"7":{"name":"(anonymous_7)","decl":{"start":{"line":119,"column":24},"end":{"line":119,"column":25}},"loc":{"start":{"line":119,"column":44},"end":{"line":144,"column":1}},"line":119},"8":{"name":"(anonymous_8)","decl":{"start":{"line":132,"column":39},"end":{"line":132,"column":40}},"loc":{"start":{"line":132,"column":49},"end":{"line":132,"column":108}},"line":132},"9":{"name":"(anonymous_9)","decl":{"start":{"line":147,"column":32},"end":{"line":147,"column":33}},"loc":{"start":{"line":147,"column":52},"end":{"line":166,"column":1}},"line":147}},"branchMap":{"0":{"loc":{"start":{"line":11,"column":2},"end":{"line":13,"column":3}},"type":"if","locations":[{"start":{"line":11,"column":2},"end":{"line":13,"column":3}},{"start":{},"end":{}}],"line":11},"1":{"loc":{"start":{"line":37,"column":4},"end":{"line":39,"column":5}},"type":"if","locations":[{"start":{"line":37,"column":4},"end":{"line":39,"column":5}},{"start":{},"end":{}}],"line":37},"2":{"loc":{"start":{"line":53,"column":4},"end":{"line":55,"column":5}},"type":"if","locations":[{"start":{"line":53,"column":4},"end":{"line":55,"column":5}},{"start":{},"end":{}}],"line":53},"3":{"loc":{"start":{"line":72,"column":4},"end":{"line":74,"column":5}},"type":"if","locations":[{"start":{"line":72,"column":4},"end":{"line":74,"column":5}},{"start":{},"end":{}}],"line":72},"4":{"loc":{"start":{"line":77,"column":4},"end":{"line":86,"column":5}},"type":"if","locations":[{"start":{"line":77,"column":4},"end":{"line":86,"column":5}},{"start":{"line":79,"column":11},"end":{"line":86,"column":5}}],"line":77},"5":{"loc":{"start":{"line":99,"column":4},"end":{"line":101,"column":5}},"type":"if","locations":[{"start":{"line":99,"column":4},"end":{"line":101,"column":5}},{"start":{},"end":{}}],"line":99},"6":{"loc":{"start":{"line":108,"column":4},"end":{"line":110,"column":5}},"type":"if","locations":[{"start":{"line":108,"column":4},"end":{"line":110,"column":5}},{"start":{},"end":{}}],"line":108},"7":{"loc":{"start":{"line":124,"column":4},"end":{"line":126,"column":5}},"type":"if","locations":[{"start":{"line":124,"column":4},"end":{"line":126,"column":5}},{"start":{},"end":{}}],"line":124},"8":{"loc":{"start":{"line":132,"column":49},"end":{"line":132,"column":108}},"type":"binary-expr","locations":[{"start":{"line":132,"column":49},"end":{"line":132,"column":79}},{"start":{"line":132,"column":83},"end":{"line":132,"column":108}}],"line":132},"9":{"loc":{"start":{"line":158,"column":4},"end":{"line":160,"column":5}},"type":"if","locations":[{"start":{"line":158,"column":4},"end":{"line":160,"column":5}},{"start":{},"end":{}}],"line":158}},"s":{"0":1,"1":1,"2":1,"3":1,"4":1,"5":1,"6":3,"7":3,"8":3,"9":3,"10":0,"11":3,"12":2,"13":1,"14":1,"15":0,"16":0,"17":0,"18":0,"19":1,"20":0,"21":0,"22":0,"23":0,"24":0,"25":0,"26":1,"27":4,"28":4,"29":2,"30":1,"31":1,"32":2,"33":1,"34":0,"35":0,"36":0,"37":0,"38":0,"39":0,"40":0,"41":0,"42":0,"43":0,"44":0,"45":0,"46":0,"47":0,"48":1,"49":1,"50":1,"51":1,"52":0,"53":1,"54":1,"55":1,"56":1,"57":1,"58":0,"59":1,"60":1,"61":0,"62":0,"63":0,"64":0,"65":0,"66":0,"67":0,"68":0,"69":0,"70":0,"71":0,"72":0,"73":0,"74":0,"75":1,"76":0,"77":0,"78":0,"79":0,"80":0,"81":0,"82":0,"83":0},"f":{"0":3,"1":0,"2":0,"3":4,"4":0,"5":0,"6":1,"7":0,"8":0,"9":0},"b":{"0":[0,3],"1":[0,0],"2":[1,1],"3":[0,0],"4":[0,0],"5":[0,1],"6":[1,0],"7":[0,0],"8":[0,0],"9":[0,0]},"_coverageSchema":"1a1c01bbd47fc00a2c39e90264f33305004495a9","hash":"e4f0812bde6e00e5a4429e47907f6d21c1f8c091"}
,"C:\\Users\\Daniel Mesa\\Desktop\\mitca\\backend\\controllers\\RouteController.js": {"path":"C:\\Users\\Daniel Mesa\\Desktop\\mitca\\backend\\controllers\\RouteController.js","statementMap":{"0":{"start":{"line":1,"column":13},"end":{"line":1,"column":38}},"1":{"start":{"line":2,"column":13},"end":{"line":2,"column":39}},"2":{"start":{"line":5,"column":0},"end":{"line":13,"column":2}},"3":{"start":{"line":6,"column":2},"end":{"line":12,"column":3}},"4":{"start":{"line":7,"column":21},"end":{"line":7,"column":39}},"5":{"start":{"line":8,"column":4},"end":{"line":8,"column":26}},"6":{"start":{"line":9,"column":4},"end":{"line":9,"column":60}},"7":{"start":{"line":11,"column":4},"end":{"line":11,"column":67}},"8":{"start":{"line":16,"column":0},"end":{"line":23,"column":2}},"9":{"start":{"line":17,"column":2},"end":{"line":22,"column":3}},"10":{"start":{"line":18,"column":19},"end":{"line":18,"column":36}},"11":{"start":{"line":19,"column":4},"end":{"line":19,"column":58}},"12":{"start":{"line":21,"column":4},"end":{"line":21,"column":67}},"13":{"start":{"line":26,"column":0},"end":{"line":36,"column":2}},"14":{"start":{"line":27,"column":2},"end":{"line":35,"column":3}},"15":{"start":{"line":28,"column":18},"end":{"line":28,"column":53}},"16":{"start":{"line":29,"column":4},"end":{"line":31,"column":5}},"17":{"start":{"line":30,"column":6},"end":{"line":30,"column":80}},"18":{"start":{"line":32,"column":4},"end":{"line":32,"column":57}},"19":{"start":{"line":34,"column":4},"end":{"line":34,"column":67}},"20":{"start":{"line":39,"column":0},"end":{"line":52,"column":2}},"21":{"start":{"line":40,"column":2},"end":{"line":51,"column":3}},"22":{"start":{"line":41,"column":18},"end":{"line":44,"column":6}},"23":{"start":{"line":45,"column":4},"end":{"line":47,"column":5}},"24":{"start":{"line":46,"column":6},"end":{"line":46,"column":80}},"25":{"start":{"line":48,"column":4},"end":{"line":48,"column":57}},"26":{"start":{"line":50,"column":4},"end":{"line":50,"column":67}},"27":{"start":{"line":55,"column":0},"end":{"line":72,"column":2}},"28":{"start":{"line":56,"column":2},"end":{"line":71,"column":3}},"29":{"start":{"line":57,"column":18},"end":{"line":57,"column":62}},"30":{"start":{"line":58,"column":4},"end":{"line":60,"column":5}},"31":{"start":{"line":59,"column":6},"end":{"line":59,"column":80}},"32":{"start":{"line":63,"column":17},"end":{"line":63,"column":62}},"33":{"start":{"line":64,"column":4},"end":{"line":67,"column":5}},"34":{"start":{"line":65,"column":6},"end":{"line":65,"column":29}},"35":{"start":{"line":66,"column":6},"end":{"line":66,"column":24}},"36":{"start":{"line":68,"column":4},"end":{"line":68,"column":54}},"37":{"start":{"line":70,"column":4},"end":{"line":70,"column":67}}},"fnMap":{"0":{"name":"(anonymous_0)","decl":{"start":{"line":5,"column":22},"end":{"line":5,"column":23}},"loc":{"start":{"line":5,"column":42},"end":{"line":13,"column":1}},"line":5},"1":{"name":"(anonymous_1)","decl":{"start":{"line":16,"column":20},"end":{"line":16,"column":21}},"loc":{"start":{"line":16,"column":40},"end":{"line":23,"column":1}},"line":16},"2":{"name":"(anonymous_2)","decl":{"start":{"line":26,"column":23},"end":{"line":26,"column":24}},"loc":{"start":{"line":26,"column":43},"end":{"line":36,"column":1}},"line":26},"3":{"name":"(anonymous_3)","decl":{"start":{"line":39,"column":22},"end":{"line":39,"column":23}},"loc":{"start":{"line":39,"column":42},"end":{"line":52,"column":1}},"line":39},"4":{"name":"(anonymous_4)","decl":{"start":{"line":55,"column":22},"end":{"line":55,"column":23}},"loc":{"start":{"line":55,"column":42},"end":{"line":72,"column":1}},"line":55}},"branchMap":{"0":{"loc":{"start":{"line":29,"column":4},"end":{"line":31,"column":5}},"type":"if","locations":[{"start":{"line":29,"column":4},"end":{"line":31,"column":5}},{"start":{},"end":{}}],"line":29},"1":{"loc":{"start":{"line":45,"column":4},"end":{"line":47,"column":5}},"type":"if","locations":[{"start":{"line":45,"column":4},"end":{"line":47,"column":5}},{"start":{},"end":{}}],"line":45},"2":{"loc":{"start":{"line":58,"column":4},"end":{"line":60,"column":5}},"type":"if","locations":[{"start":{"line":58,"column":4},"end":{"line":60,"column":5}},{"start":{},"end":{}}],"line":58},"3":{"loc":{"start":{"line":64,"column":4},"end":{"line":67,"column":5}},"type":"if","locations":[{"start":{"line":64,"column":4},"end":{"line":67,"column":5}},{"start":{},"end":{}}],"line":64}},"s":{"0":1,"1":1,"2":1,"3":0,"4":0,"5":0,"6":0,"7":0,"8":1,"9":0,"10":0,"11":0,"12":0,"13":1,"14":0,"15":0,"16":0,"17":0,"18":0,"19":0,"20":1,"21":0,"22":0,"23":0,"24":0,"25":0,"26":0,"27":1,"28":0,"29":0,"30":0,"31":0,"32":0,"33":0,"34":0,"35":0,"36":0,"37":0},"f":{"0":0,"1":0,"2":0,"3":0,"4":0},"b":{"0":[0,0],"1":[0,0],"2":[0,0],"3":[0,0]},"_coverageSchema":"1a1c01bbd47fc00a2c39e90264f33305004495a9","hash":"74e0afc350d8cfbaf371c9c16549935f4761666e"}
,"C:\\Users\\Daniel Mesa\\Desktop\\mitca\\backend\\controllers\\RunnerController.js": {"path":"C:\\Users\\Daniel Mesa\\Desktop\\mitca\\backend\\controllers\\RunnerController.js","statementMap":{"0":{"start":{"line":1,"column":15},"end":{"line":1,"column":42}},"1":{"start":{"line":2,"column":13},"end":{"line":2,"column":38}},"2":{"start":{"line":3,"column":13},"end":{"line":3,"column":38}},"3":{"start":{"line":5,"column":0},"end":{"line":13,"column":2}},"4":{"start":{"line":6,"column":2},"end":{"line":12,"column":3}},"5":{"start":{"line":7,"column":22},"end":{"line":7,"column":42}},"6":{"start":{"line":8,"column":4},"end":{"line":8,"column":27}},"7":{"start":{"line":9,"column":4},"end":{"line":9,"column":61}},"8":{"start":{"line":11,"column":4},"end":{"line":11,"column":67}},"9":{"start":{"line":16,"column":0},"end":{"line":23,"column":2}},"10":{"start":{"line":17,"column":2},"end":{"line":22,"column":3}},"11":{"start":{"line":18,"column":20},"end":{"line":18,"column":39}},"12":{"start":{"line":19,"column":4},"end":{"line":19,"column":59}},"13":{"start":{"line":21,"column":4},"end":{"line":21,"column":67}},"14":{"start":{"line":26,"column":0},"end":{"line":36,"column":2}},"15":{"start":{"line":27,"column":2},"end":{"line":35,"column":3}},"16":{"start":{"line":28,"column":19},"end":{"line":28,"column":56}},"17":{"start":{"line":29,"column":4},"end":{"line":31,"column":5}},"18":{"start":{"line":30,"column":6},"end":{"line":30,"column":81}},"19":{"start":{"line":32,"column":4},"end":{"line":32,"column":58}},"20":{"start":{"line":34,"column":4},"end":{"line":34,"column":67}},"21":{"start":{"line":39,"column":0},"end":{"line":52,"column":2}},"22":{"start":{"line":40,"column":2},"end":{"line":51,"column":3}},"23":{"start":{"line":41,"column":19},"end":{"line":44,"column":6}},"24":{"start":{"line":45,"column":4},"end":{"line":47,"column":5}},"25":{"start":{"line":46,"column":6},"end":{"line":46,"column":81}},"26":{"start":{"line":48,"column":4},"end":{"line":48,"column":58}},"27":{"start":{"line":50,"column":4},"end":{"line":50,"column":67}},"28":{"start":{"line":55,"column":0},"end":{"line":73,"column":2}},"29":{"start":{"line":56,"column":2},"end":{"line":72,"column":3}},"30":{"start":{"line":57,"column":19},"end":{"line":57,"column":65}},"31":{"start":{"line":58,"column":4},"end":{"line":60,"column":5}},"32":{"start":{"line":59,"column":6},"end":{"line":59,"column":81}},"33":{"start":{"line":61,"column":4},"end":{"line":64,"column":6}},"34":{"start":{"line":65,"column":4},"end":{"line":68,"column":6}},"35":{"start":{"line":69,"column":4},"end":{"line":69,"column":54}},"36":{"start":{"line":71,"column":4},"end":{"line":71,"column":67}}},"fnMap":{"0":{"name":"(anonymous_0)","decl":{"start":{"line":5,"column":23},"end":{"line":5,"column":24}},"loc":{"start":{"line":5,"column":43},"end":{"line":13,"column":1}},"line":5},"1":{"name":"(anonymous_1)","decl":{"start":{"line":16,"column":21},"end":{"line":16,"column":22}},"loc":{"start":{"line":16,"column":41},"end":{"line":23,"column":1}},"line":16},"2":{"name":"(anonymous_2)","decl":{"start":{"line":26,"column":24},"end":{"line":26,"column":25}},"loc":{"start":{"line":26,"column":44},"end":{"line":36,"column":1}},"line":26},"3":{"name":"(anonymous_3)","decl":{"start":{"line":39,"column":23},"end":{"line":39,"column":24}},"loc":{"start":{"line":39,"column":43},"end":{"line":52,"column":1}},"line":39},"4":{"name":"(anonymous_4)","decl":{"start":{"line":55,"column":23},"end":{"line":55,"column":24}},"loc":{"start":{"line":55,"column":43},"end":{"line":73,"column":1}},"line":55}},"branchMap":{"0":{"loc":{"start":{"line":29,"column":4},"end":{"line":31,"column":5}},"type":"if","locations":[{"start":{"line":29,"column":4},"end":{"line":31,"column":5}},{"start":{},"end":{}}],"line":29},"1":{"loc":{"start":{"line":45,"column":4},"end":{"line":47,"column":5}},"type":"if","locations":[{"start":{"line":45,"column":4},"end":{"line":47,"column":5}},{"start":{},"end":{}}],"line":45},"2":{"loc":{"start":{"line":58,"column":4},"end":{"line":60,"column":5}},"type":"if","locations":[{"start":{"line":58,"column":4},"end":{"line":60,"column":5}},{"start":{},"end":{}}],"line":58}},"s":{"0":1,"1":1,"2":1,"3":1,"4":5,"5":5,"6":5,"7":1,"8":4,"9":1,"10":1,"11":1,"12":1,"13":0,"14":1,"15":0,"16":0,"17":0,"18":0,"19":0,"20":0,"21":1,"22":2,"23":2,"24":2,"25":1,"26":1,"27":0,"28":1,"29":2,"30":2,"31":2,"32":1,"33":1,"34":1,"35":1,"36":0},"f":{"0":5,"1":1,"2":0,"3":2,"4":2},"b":{"0":[0,0],"1":[1,1],"2":[1,1]},"_coverageSchema":"1a1c01bbd47fc00a2c39e90264f33305004495a9","hash":"c57bf43241e9e5f99bb1aaa29fce70ef1b45aaa7"}
,"C:\\Users\\Daniel Mesa\\Desktop\\mitca\\backend\\controllers\\SponsorController.js": {"path":"C:\\Users\\Daniel Mesa\\Desktop\\mitca\\backend\\controllers\\SponsorController.js","statementMap":{"0":{"start":{"line":1,"column":16},"end":{"line":1,"column":44}},"1":{"start":{"line":4,"column":0},"end":{"line":12,"column":2}},"2":{"start":{"line":5,"column":2},"end":{"line":11,"column":3}},"3":{"start":{"line":6,"column":23},"end":{"line":6,"column":44}},"4":{"start":{"line":7,"column":4},"end":{"line":7,"column":28}},"5":{"start":{"line":8,"column":4},"end":{"line":8,"column":62}},"6":{"start":{"line":10,"column":4},"end":{"line":10,"column":67}},"7":{"start":{"line":15,"column":0},"end":{"line":22,"column":2}},"8":{"start":{"line":16,"column":2},"end":{"line":21,"column":3}},"9":{"start":{"line":17,"column":21},"end":{"line":17,"column":41}},"10":{"start":{"line":18,"column":4},"end":{"line":18,"column":60}},"11":{"start":{"line":20,"column":4},"end":{"line":20,"column":67}},"12":{"start":{"line":25,"column":0},"end":{"line":35,"column":2}},"13":{"start":{"line":26,"column":2},"end":{"line":34,"column":3}},"14":{"start":{"line":27,"column":20},"end":{"line":27,"column":58}},"15":{"start":{"line":28,"column":4},"end":{"line":30,"column":5}},"16":{"start":{"line":29,"column":6},"end":{"line":29,"column":82}},"17":{"start":{"line":31,"column":4},"end":{"line":31,"column":59}},"18":{"start":{"line":33,"column":4},"end":{"line":33,"column":67}},"19":{"start":{"line":38,"column":0},"end":{"line":51,"column":2}},"20":{"start":{"line":39,"column":2},"end":{"line":50,"column":3}},"21":{"start":{"line":40,"column":20},"end":{"line":43,"column":6}},"22":{"start":{"line":44,"column":4},"end":{"line":46,"column":5}},"23":{"start":{"line":45,"column":6},"end":{"line":45,"column":82}},"24":{"start":{"line":47,"column":4},"end":{"line":47,"column":59}},"25":{"start":{"line":49,"column":4},"end":{"line":49,"column":67}},"26":{"start":{"line":54,"column":0},"end":{"line":68,"column":2}},"27":{"start":{"line":55,"column":2},"end":{"line":67,"column":3}},"28":{"start":{"line":56,"column":20},"end":{"line":56,"column":67}},"29":{"start":{"line":57,"column":4},"end":{"line":59,"column":5}},"30":{"start":{"line":58,"column":6},"end":{"line":58,"column":82}},"31":{"start":{"line":60,"column":4},"end":{"line":63,"column":6}},"32":{"start":{"line":64,"column":4},"end":{"line":64,"column":54}},"33":{"start":{"line":66,"column":4},"end":{"line":66,"column":67}},"34":{"start":{"line":70,"column":0},"end":{"line":80,"column":2}},"35":{"start":{"line":71,"column":2},"end":{"line":79,"column":3}},"36":{"start":{"line":72,"column":20},"end":{"line":72,"column":67}},"37":{"start":{"line":73,"column":4},"end":{"line":75,"column":5}},"38":{"start":{"line":74,"column":6},"end":{"line":74,"column":82}},"39":{"start":{"line":76,"column":4},"end":{"line":76,"column":54}},"40":{"start":{"line":78,"column":4},"end":{"line":78,"column":67}}},"fnMap":{"0":{"name":"(anonymous_0)","decl":{"start":{"line":4,"column":24},"end":{"line":4,"column":25}},"loc":{"start":{"line":4,"column":44},"end":{"line":12,"column":1}},"line":4},"1":{"name":"(anonymous_1)","decl":{"start":{"line":15,"column":22},"end":{"line":15,"column":23}},"loc":{"start":{"line":15,"column":42},"end":{"line":22,"column":1}},"line":15},"2":{"name":"(anonymous_2)","decl":{"start":{"line":25,"column":25},"end":{"line":25,"column":26}},"loc":{"start":{"line":25,"column":45},"end":{"line":35,"column":1}},"line":25},"3":{"name":"(anonymous_3)","decl":{"start":{"line":38,"column":24},"end":{"line":38,"column":25}},"loc":{"start":{"line":38,"column":44},"end":{"line":51,"column":1}},"line":38},"4":{"name":"(anonymous_4)","decl":{"start":{"line":54,"column":24},"end":{"line":54,"column":25}},"loc":{"start":{"line":54,"column":44},"end":{"line":68,"column":1}},"line":54},"5":{"name":"(anonymous_5)","decl":{"start":{"line":70,"column":28},"end":{"line":70,"column":29}},"loc":{"start":{"line":70,"column":48},"end":{"line":80,"column":1}},"line":70}},"branchMap":{"0":{"loc":{"start":{"line":28,"column":4},"end":{"line":30,"column":5}},"type":"if","locations":[{"start":{"line":28,"column":4},"end":{"line":30,"column":5}},{"start":{},"end":{}}],"line":28},"1":{"loc":{"start":{"line":44,"column":4},"end":{"line":46,"column":5}},"type":"if","locations":[{"start":{"line":44,"column":4},"end":{"line":46,"column":5}},{"start":{},"end":{}}],"line":44},"2":{"loc":{"start":{"line":57,"column":4},"end":{"line":59,"column":5}},"type":"if","locations":[{"start":{"line":57,"column":4},"end":{"line":59,"column":5}},{"start":{},"end":{}}],"line":57},"3":{"loc":{"start":{"line":73,"column":4},"end":{"line":75,"column":5}},"type":"if","locations":[{"start":{"line":73,"column":4},"end":{"line":75,"column":5}},{"start":{},"end":{}}],"line":73}},"s":{"0":1,"1":1,"2":2,"3":2,"4":2,"5":1,"6":1,"7":1,"8":1,"9":1,"10":1,"11":0,"12":1,"13":0,"14":0,"15":0,"16":0,"17":0,"18":0,"19":1,"20":1,"21":1,"22":1,"23":1,"24":0,"25":0,"26":1,"27":1,"28":1,"29":1,"30":1,"31":0,"32":0,"33":0,"34":1,"35":0,"36":0,"37":0,"38":0,"39":0,"40":0},"f":{"0":2,"1":1,"2":0,"3":1,"4":1,"5":0},"b":{"0":[0,0],"1":[1,0],"2":[1,0],"3":[0,0]},"_coverageSchema":"1a1c01bbd47fc00a2c39e90264f33305004495a9","hash":"776f264b9f35c33c751b25115831562220a76c67"}
,"C:\\Users\\Daniel Mesa\\Desktop\\mitca\\backend\\controllers\\StatusController.js": {"path":"C:\\Users\\Daniel Mesa\\Desktop\\mitca\\backend\\controllers\\StatusController.js","statementMap":{"0":{"start":{"line":1,"column":13},"end":{"line":1,"column":38}},"1":{"start":{"line":2,"column":15},"end":{"line":2,"column":42}},"2":{"start":{"line":5,"column":0},"end":{"line":13,"column":2}},"3":{"start":{"line":6,"column":2},"end":{"line":12,"column":3}},"4":{"start":{"line":7,"column":22},"end":{"line":7,"column":42}},"5":{"start":{"line":8,"column":4},"end":{"line":8,"column":27}},"6":{"start":{"line":9,"column":4},"end":{"line":9,"column":61}},"7":{"start":{"line":11,"column":4},"end":{"line":11,"column":67}},"8":{"start":{"line":16,"column":0},"end":{"line":23,"column":2}},"9":{"start":{"line":17,"column":2},"end":{"line":22,"column":3}},"10":{"start":{"line":18,"column":21},"end":{"line":18,"column":40}},"11":{"start":{"line":19,"column":4},"end":{"line":19,"column":60}},"12":{"start":{"line":21,"column":4},"end":{"line":21,"column":67}},"13":{"start":{"line":26,"column":0},"end":{"line":36,"column":2}},"14":{"start":{"line":27,"column":2},"end":{"line":35,"column":3}},"15":{"start":{"line":28,"column":19},"end":{"line":28,"column":56}},"16":{"start":{"line":29,"column":4},"end":{"line":31,"column":5}},"17":{"start":{"line":30,"column":6},"end":{"line":30,"column":81}},"18":{"start":{"line":32,"column":4},"end":{"line":32,"column":58}},"19":{"start":{"line":34,"column":4},"end":{"line":34,"column":67}},"20":{"start":{"line":39,"column":0},"end":{"line":52,"column":2}},"21":{"start":{"line":40,"column":2},"end":{"line":51,"column":3}},"22":{"start":{"line":41,"column":19},"end":{"line":44,"column":6}},"23":{"start":{"line":45,"column":4},"end":{"line":47,"column":5}},"24":{"start":{"line":46,"column":6},"end":{"line":46,"column":81}},"25":{"start":{"line":48,"column":4},"end":{"line":48,"column":58}},"26":{"start":{"line":50,"column":4},"end":{"line":50,"column":67}},"27":{"start":{"line":55,"column":0},"end":{"line":72,"column":2}},"28":{"start":{"line":56,"column":2},"end":{"line":71,"column":3}},"29":{"start":{"line":57,"column":19},"end":{"line":57,"column":65}},"30":{"start":{"line":58,"column":4},"end":{"line":60,"column":5}},"31":{"start":{"line":59,"column":6},"end":{"line":59,"column":81}},"32":{"start":{"line":62,"column":17},"end":{"line":62,"column":63}},"33":{"start":{"line":63,"column":4},"end":{"line":66,"column":5}},"34":{"start":{"line":64,"column":6},"end":{"line":64,"column":30}},"35":{"start":{"line":65,"column":6},"end":{"line":65,"column":24}},"36":{"start":{"line":68,"column":4},"end":{"line":68,"column":54}},"37":{"start":{"line":70,"column":4},"end":{"line":70,"column":67}}},"fnMap":{"0":{"name":"(anonymous_0)","decl":{"start":{"line":5,"column":23},"end":{"line":5,"column":24}},"loc":{"start":{"line":5,"column":43},"end":{"line":13,"column":1}},"line":5},"1":{"name":"(anonymous_1)","decl":{"start":{"line":16,"column":22},"end":{"line":16,"column":23}},"loc":{"start":{"line":16,"column":42},"end":{"line":23,"column":1}},"line":16},"2":{"name":"(anonymous_2)","decl":{"start":{"line":26,"column":24},"end":{"line":26,"column":25}},"loc":{"start":{"line":26,"column":44},"end":{"line":36,"column":1}},"line":26},"3":{"name":"(anonymous_3)","decl":{"start":{"line":39,"column":23},"end":{"line":39,"column":24}},"loc":{"start":{"line":39,"column":43},"end":{"line":52,"column":1}},"line":39},"4":{"name":"(anonymous_4)","decl":{"start":{"line":55,"column":23},"end":{"line":55,"column":24}},"loc":{"start":{"line":55,"column":43},"end":{"line":72,"column":1}},"line":55}},"branchMap":{"0":{"loc":{"start":{"line":29,"column":4},"end":{"line":31,"column":5}},"type":"if","locations":[{"start":{"line":29,"column":4},"end":{"line":31,"column":5}},{"start":{},"end":{}}],"line":29},"1":{"loc":{"start":{"line":45,"column":4},"end":{"line":47,"column":5}},"type":"if","locations":[{"start":{"line":45,"column":4},"end":{"line":47,"column":5}},{"start":{},"end":{}}],"line":45},"2":{"loc":{"start":{"line":58,"column":4},"end":{"line":60,"column":5}},"type":"if","locations":[{"start":{"line":58,"column":4},"end":{"line":60,"column":5}},{"start":{},"end":{}}],"line":58},"3":{"loc":{"start":{"line":63,"column":4},"end":{"line":66,"column":5}},"type":"if","locations":[{"start":{"line":63,"column":4},"end":{"line":66,"column":5}},{"start":{},"end":{}}],"line":63}},"s":{"0":1,"1":1,"2":1,"3":1,"4":1,"5":1,"6":1,"7":0,"8":1,"9":1,"10":1,"11":1,"12":0,"13":1,"14":0,"15":0,"16":0,"17":0,"18":0,"19":0,"20":1,"21":0,"22":0,"23":0,"24":0,"25":0,"26":0,"27":1,"28":0,"29":0,"30":0,"31":0,"32":0,"33":0,"34":0,"35":0,"36":0,"37":0},"f":{"0":1,"1":1,"2":0,"3":0,"4":0},"b":{"0":[0,0],"1":[0,0],"2":[0,0],"3":[0,0]},"_coverageSchema":"1a1c01bbd47fc00a2c39e90264f33305004495a9","hash":"486fdb1b248beb889110d74d5172e1b221833942"}
,"C:\\Users\\Daniel Mesa\\Desktop\\mitca\\backend\\controllers\\SubscriptionController.js": {"path":"C:\\Users\\Daniel Mesa\\Desktop\\mitca\\backend\\controllers\\SubscriptionController.js","statementMap":{"0":{"start":{"line":1,"column":21},"end":{"line":1,"column":54}},"1":{"start":{"line":2,"column":16},"end":{"line":2,"column":35}},"2":{"start":{"line":4,"column":0},"end":{"line":53,"column":1}},"3":{"start":{"line":6,"column":23},"end":{"line":14,"column":3}},"4":{"start":{"line":16,"column":2},"end":{"line":52,"column":4}},"5":{"start":{"line":17,"column":4},"end":{"line":46,"column":7}},"6":{"start":{"line":19,"column":6},"end":{"line":36,"column":7}},"7":{"start":{"line":20,"column":8},"end":{"line":35,"column":9}},"8":{"start":{"line":21,"column":40},"end":{"line":28,"column":11}},"9":{"start":{"line":29,"column":24},"end":{"line":29,"column":42}},"10":{"start":{"line":30,"column":30},"end":{"line":30,"column":74}},"11":{"start":{"line":31,"column":10},"end":{"line":31,"column":70}},"12":{"start":{"line":32,"column":10},"end":{"line":32,"column":39}},"13":{"start":{"line":34,"column":10},"end":{"line":34,"column":55}},"14":{"start":{"line":42,"column":6},"end":{"line":42,"column":23}},"15":{"start":{"line":43,"column":6},"end":{"line":45,"column":8}},"16":{"start":{"line":48,"column":4},"end":{"line":48,"column":21}},"17":{"start":{"line":49,"column":4},"end":{"line":51,"column":6}},"18":{"start":{"line":55,"column":0},"end":{"line":63,"column":1}},"19":{"start":{"line":56,"column":2},"end":{"line":62,"column":4}},"20":{"start":{"line":57,"column":4},"end":{"line":57,"column":18}},"21":{"start":{"line":59,"column":4},"end":{"line":61,"column":6}},"22":{"start":{"line":65,"column":0},"end":{"line":93,"column":2}},"23":{"start":{"line":68,"column":2},"end":{"line":92,"column":5}},"24":{"start":{"line":72,"column":4},"end":{"line":85,"column":7}},"25":{"start":{"line":73,"column":36},"end":{"line":80,"column":7}},"26":{"start":{"line":81,"column":20},"end":{"line":81,"column":38}},"27":{"start":{"line":82,"column":26},"end":{"line":82,"column":54}},"28":{"start":{"line":83,"column":6},"end":{"line":83,"column":66}},"29":{"start":{"line":86,"column":4},"end":{"line":86,"column":34}},"30":{"start":{"line":89,"column":4},"end":{"line":91,"column":7}},"31":{"start":{"line":96,"column":0},"end":{"line":98,"column":1}},"32":{"start":{"line":100,"column":0},"end":{"line":102,"column":1}},"33":{"start":{"line":104,"column":0},"end":{"line":148,"column":2}},"34":{"start":{"line":107,"column":2},"end":{"line":147,"column":5}},"35":{"start":{"line":110,"column":4},"end":{"line":113,"column":5}},"36":{"start":{"line":111,"column":6},"end":{"line":111,"column":37}},"37":{"start":{"line":112,"column":6},"end":{"line":112,"column":13}},"38":{"start":{"line":115,"column":4},"end":{"line":142,"column":7}},"39":{"start":{"line":118,"column":6},"end":{"line":137,"column":9}},"40":{"start":{"line":119,"column":8},"end":{"line":131,"column":11}},"41":{"start":{"line":120,"column":40},"end":{"line":127,"column":11}},"42":{"start":{"line":128,"column":24},"end":{"line":128,"column":90}},"43":{"start":{"line":129,"column":30},"end":{"line":129,"column":32}},"44":{"start":{"line":130,"column":10},"end":{"line":130,"column":70}},"45":{"start":{"line":132,"column":8},"end":{"line":132,"column":53}},"46":{"start":{"line":134,"column":8},"end":{"line":136,"column":11}},"47":{"start":{"line":139,"column":6},"end":{"line":141,"column":9}},"48":{"start":{"line":144,"column":4},"end":{"line":146,"column":7}},"49":{"start":{"line":151,"column":25},"end":{"line":172,"column":1}},"50":{"start":{"line":152,"column":18},"end":{"line":158,"column":3}},"51":{"start":{"line":159,"column":2},"end":{"line":171,"column":3}},"52":{"start":{"line":160,"column":4},"end":{"line":168,"column":6}},"53":{"start":{"line":170,"column":4},"end":{"line":170,"column":18}}},"fnMap":{"0":{"name":"(anonymous_0)","decl":{"start":{"line":4,"column":17},"end":{"line":4,"column":18}},"loc":{"start":{"line":4,"column":31},"end":{"line":53,"column":1}},"line":4},"1":{"name":"(anonymous_1)","decl":{"start":{"line":16,"column":41},"end":{"line":16,"column":42}},"loc":{"start":{"line":16,"column":57},"end":{"line":47,"column":3}},"line":16},"2":{"name":"(anonymous_2)","decl":{"start":{"line":17,"column":29},"end":{"line":17,"column":30}},"loc":{"start":{"line":17,"column":52},"end":{"line":41,"column":5}},"line":17},"3":{"name":"(anonymous_3)","decl":{"start":{"line":41,"column":13},"end":{"line":41,"column":14}},"loc":{"start":{"line":41,"column":20},"end":{"line":46,"column":5}},"line":41},"4":{"name":"(anonymous_4)","decl":{"start":{"line":47,"column":11},"end":{"line":47,"column":12}},"loc":{"start":{"line":47,"column":18},"end":{"line":52,"column":3}},"line":47},"5":{"name":"(anonymous_5)","decl":{"start":{"line":55,"column":18},"end":{"line":55,"column":19}},"loc":{"start":{"line":55,"column":32},"end":{"line":63,"column":1}},"line":55},"6":{"name":"(anonymous_6)","decl":{"start":{"line":56,"column":27},"end":{"line":56,"column":28}},"loc":{"start":{"line":56,"column":35},"end":{"line":58,"column":3}},"line":56},"7":{"name":"(anonymous_7)","decl":{"start":{"line":58,"column":11},"end":{"line":58,"column":12}},"loc":{"start":{"line":58,"column":18},"end":{"line":62,"column":3}},"line":58},"8":{"name":"(anonymous_8)","decl":{"start":{"line":65,"column":45},"end":{"line":65,"column":46}},"loc":{"start":{"line":65,"column":59},"end":{"line":93,"column":1}},"line":65},"9":{"name":"(anonymous_9)","decl":{"start":{"line":70,"column":10},"end":{"line":70,"column":11}},"loc":{"start":{"line":70,"column":33},"end":{"line":87,"column":3}},"line":70},"10":{"name":"(anonymous_10)","decl":{"start":{"line":72,"column":30},"end":{"line":72,"column":31}},"loc":{"start":{"line":72,"column":37},"end":{"line":85,"column":5}},"line":72},"11":{"name":"(anonymous_11)","decl":{"start":{"line":87,"column":11},"end":{"line":87,"column":12}},"loc":{"start":{"line":87,"column":18},"end":{"line":92,"column":3}},"line":87},"12":{"name":"(anonymous_12)","decl":{"start":{"line":96,"column":18},"end":{"line":96,"column":19}},"loc":{"start":{"line":96,"column":32},"end":{"line":98,"column":1}},"line":96},"13":{"name":"(anonymous_13)","decl":{"start":{"line":100,"column":17},"end":{"line":100,"column":18}},"loc":{"start":{"line":100,"column":31},"end":{"line":102,"column":1}},"line":100},"14":{"name":"(anonymous_14)","decl":{"start":{"line":104,"column":27},"end":{"line":104,"column":28}},"loc":{"start":{"line":104,"column":41},"end":{"line":148,"column":1}},"line":104},"15":{"name":"(anonymous_15)","decl":{"start":{"line":109,"column":10},"end":{"line":109,"column":11}},"loc":{"start":{"line":109,"column":36},"end":{"line":143,"column":3}},"line":109},"16":{"name":"(anonymous_16)","decl":{"start":{"line":117,"column":12},"end":{"line":117,"column":13}},"loc":{"start":{"line":117,"column":18},"end":{"line":138,"column":5}},"line":117},"17":{"name":"(anonymous_17)","decl":{"start":{"line":118,"column":31},"end":{"line":118,"column":32}},"loc":{"start":{"line":118,"column":54},"end":{"line":133,"column":7}},"line":118},"18":{"name":"(anonymous_18)","decl":{"start":{"line":119,"column":34},"end":{"line":119,"column":35}},"loc":{"start":{"line":119,"column":41},"end":{"line":131,"column":9}},"line":119},"19":{"name":"(anonymous_19)","decl":{"start":{"line":133,"column":15},"end":{"line":133,"column":16}},"loc":{"start":{"line":133,"column":22},"end":{"line":137,"column":7}},"line":133},"20":{"name":"(anonymous_20)","decl":{"start":{"line":138,"column":13},"end":{"line":138,"column":14}},"loc":{"start":{"line":138,"column":20},"end":{"line":142,"column":5}},"line":138},"21":{"name":"(anonymous_21)","decl":{"start":{"line":143,"column":11},"end":{"line":143,"column":12}},"loc":{"start":{"line":143,"column":18},"end":{"line":147,"column":3}},"line":143},"22":{"name":"(anonymous_22)","decl":{"start":{"line":151,"column":25},"end":{"line":151,"column":26}},"loc":{"start":{"line":151,"column":78},"end":{"line":172,"column":1}},"line":151}},"branchMap":{"0":{"loc":{"start":{"line":20,"column":8},"end":{"line":35,"column":9}},"type":"if","locations":[{"start":{"line":20,"column":8},"end":{"line":35,"column":9}},{"start":{"line":33,"column":15},"end":{"line":35,"column":9}}],"line":20},"1":{"loc":{"start":{"line":20,"column":12},"end":{"line":20,"column":69}},"type":"binary-expr","locations":[{"start":{"line":20,"column":12},"end":{"line":20,"column":13}},{"start":{"line":20,"column":17},"end":{"line":20,"column":27}},{"start":{"line":20,"column":31},"end":{"line":20,"column":37}},{"start":{"line":20,"column":41},"end":{"line":20,"column":54}},{"start":{"line":20,"column":58},"end":{"line":20,"column":69}}],"line":20},"2":{"loc":{"start":{"line":44,"column":17},"end":{"line":44,"column":53}},"type":"binary-expr","locations":[{"start":{"line":44,"column":17},"end":{"line":44,"column":28}},{"start":{"line":44,"column":32},"end":{"line":44,"column":53}}],"line":44},"3":{"loc":{"start":{"line":50,"column":15},"end":{"line":50,"column":51}},"type":"binary-expr","locations":[{"start":{"line":50,"column":15},"end":{"line":50,"column":26}},{"start":{"line":50,"column":30},"end":{"line":50,"column":51}}],"line":50},"4":{"loc":{"start":{"line":60,"column":15},"end":{"line":60,"column":51}},"type":"binary-expr","locations":[{"start":{"line":60,"column":15},"end":{"line":60,"column":26}},{"start":{"line":60,"column":30},"end":{"line":60,"column":51}}],"line":60},"5":{"loc":{"start":{"line":90,"column":15},"end":{"line":90,"column":51}},"type":"binary-expr","locations":[{"start":{"line":90,"column":15},"end":{"line":90,"column":26}},{"start":{"line":90,"column":30},"end":{"line":90,"column":51}}],"line":90},"6":{"loc":{"start":{"line":110,"column":4},"end":{"line":113,"column":5}},"type":"if","locations":[{"start":{"line":110,"column":4},"end":{"line":113,"column":5}},{"start":{},"end":{}}],"line":110},"7":{"loc":{"start":{"line":135,"column":19},"end":{"line":135,"column":55}},"type":"binary-expr","locations":[{"start":{"line":135,"column":19},"end":{"line":135,"column":30}},{"start":{"line":135,"column":34},"end":{"line":135,"column":55}}],"line":135},"8":{"loc":{"start":{"line":140,"column":17},"end":{"line":140,"column":53}},"type":"binary-expr","locations":[{"start":{"line":140,"column":17},"end":{"line":140,"column":28}},{"start":{"line":140,"column":32},"end":{"line":140,"column":53}}],"line":140},"9":{"loc":{"start":{"line":145,"column":15},"end":{"line":145,"column":51}},"type":"binary-expr","locations":[{"start":{"line":145,"column":15},"end":{"line":145,"column":26}},{"start":{"line":145,"column":30},"end":{"line":145,"column":51}}],"line":145}},"s":{"0":1,"1":1,"2":1,"3":1,"4":1,"5":1,"6":1,"7":1,"8":1,"9":1,"10":1,"11":1,"12":1,"13":0,"14":0,"15":0,"16":0,"17":0,"18":1,"19":1,"20":1,"21":0,"22":1,"23":1,"24":1,"25":1,"26":1,"27":1,"28":1,"29":1,"30":0,"31":1,"32":1,"33":1,"34":0,"35":0,"36":0,"37":0,"38":0,"39":0,"40":0,"41":0,"42":0,"43":0,"44":0,"45":0,"46":0,"47":0,"48":0,"49":1,"50":2,"51":2,"52":2,"53":2},"f":{"0":1,"1":1,"2":1,"3":0,"4":0,"5":1,"6":1,"7":0,"8":1,"9":1,"10":1,"11":0,"12":0,"13":0,"14":0,"15":0,"16":0,"17":0,"18":0,"19":0,"20":0,"21":0,"22":2},"b":{"0":[1,0],"1":[1,1,1,1,1],"2":[0,0],"3":[0,0],"4":[0,0],"5":[0,0],"6":[0,0],"7":[0,0],"8":[0,0],"9":[0,0]},"_coverageSchema":"1a1c01bbd47fc00a2c39e90264f33305004495a9","hash":"3eb2acce136e690591b7e42a3cc85c30f8173279"}
,"C:\\Users\\Daniel Mesa\\Desktop\\mitca\\backend\\controllers\\UserController.js": {"path":"C:\\Users\\Daniel Mesa\\Desktop\\mitca\\backend\\controllers\\UserController.js","statementMap":{"0":{"start":{"line":1,"column":13},"end":{"line":1,"column":38}},"1":{"start":{"line":2,"column":25},"end":{"line":2,"column":67}},"2":{"start":{"line":3,"column":26},"end":{"line":3,"column":69}},"3":{"start":{"line":4,"column":12},"end":{"line":4,"column":35}},"4":{"start":{"line":5,"column":15},"end":{"line":5,"column":42}},"5":{"start":{"line":6,"column":13},"end":{"line":6,"column":38}},"6":{"start":{"line":7,"column":16},"end":{"line":7,"column":44}},"7":{"start":{"line":10,"column":20},"end":{"line":12,"column":1}},"8":{"start":{"line":11,"column":2},"end":{"line":11,"column":56}},"9":{"start":{"line":14,"column":0},"end":{"line":40,"column":2}},"10":{"start":{"line":15,"column":2},"end":{"line":39,"column":3}},"11":{"start":{"line":17,"column":20},"end":{"line":17,"column":65}},"12":{"start":{"line":19,"column":19},"end":{"line":19,"column":30}},"13":{"start":{"line":24,"column":4},"end":{"line":32,"column":5}},"14":{"start":{"line":25,"column":19},"end":{"line":25,"column":86}},"15":{"start":{"line":26,"column":6},"end":{"line":28,"column":7}},"16":{"start":{"line":27,"column":8},"end":{"line":27,"column":81}},"17":{"start":{"line":29,"column":6},"end":{"line":29,"column":58}},"18":{"start":{"line":31,"column":6},"end":{"line":31,"column":69}},"19":{"start":{"line":35,"column":4},"end":{"line":38,"column":6}},"20":{"start":{"line":44,"column":0},"end":{"line":53,"column":2}},"21":{"start":{"line":45,"column":2},"end":{"line":52,"column":3}},"22":{"start":{"line":46,"column":20},"end":{"line":46,"column":38}},"23":{"start":{"line":47,"column":4},"end":{"line":47,"column":25}},"24":{"start":{"line":48,"column":18},"end":{"line":48,"column":38}},"25":{"start":{"line":49,"column":4},"end":{"line":49,"column":66}},"26":{"start":{"line":51,"column":4},"end":{"line":51,"column":67}},"27":{"start":{"line":55,"column":0},"end":{"line":74,"column":2}},"28":{"start":{"line":56,"column":28},"end":{"line":56,"column":36}},"29":{"start":{"line":58,"column":2},"end":{"line":73,"column":3}},"30":{"start":{"line":59,"column":17},"end":{"line":59,"column":44}},"31":{"start":{"line":60,"column":4},"end":{"line":62,"column":5}},"32":{"start":{"line":61,"column":6},"end":{"line":61,"column":79}},"33":{"start":{"line":64,"column":26},"end":{"line":64,"column":62}},"34":{"start":{"line":65,"column":4},"end":{"line":67,"column":5}},"35":{"start":{"line":66,"column":6},"end":{"line":66,"column":81}},"36":{"start":{"line":69,"column":18},"end":{"line":69,"column":35}},"37":{"start":{"line":70,"column":4},"end":{"line":70,"column":85}},"38":{"start":{"line":72,"column":4},"end":{"line":72,"column":67}},"39":{"start":{"line":78,"column":0},"end":{"line":85,"column":2}},"40":{"start":{"line":79,"column":2},"end":{"line":84,"column":3}},"41":{"start":{"line":80,"column":18},"end":{"line":80,"column":75}},"42":{"start":{"line":81,"column":4},"end":{"line":81,"column":57}},"43":{"start":{"line":83,"column":4},"end":{"line":83,"column":67}},"44":{"start":{"line":88,"column":0},"end":{"line":98,"column":2}},"45":{"start":{"line":89,"column":2},"end":{"line":97,"column":3}},"46":{"start":{"line":90,"column":17},"end":{"line":90,"column":92}},"47":{"start":{"line":91,"column":4},"end":{"line":93,"column":5}},"48":{"start":{"line":92,"column":6},"end":{"line":92,"column":79}},"49":{"start":{"line":94,"column":4},"end":{"line":94,"column":56}},"50":{"start":{"line":96,"column":4},"end":{"line":96,"column":67}},"51":{"start":{"line":101,"column":0},"end":{"line":114,"column":2}},"52":{"start":{"line":102,"column":2},"end":{"line":113,"column":3}},"53":{"start":{"line":103,"column":17},"end":{"line":106,"column":6}},"54":{"start":{"line":107,"column":4},"end":{"line":109,"column":5}},"55":{"start":{"line":108,"column":6},"end":{"line":108,"column":79}},"56":{"start":{"line":110,"column":4},"end":{"line":110,"column":56}},"57":{"start":{"line":112,"column":4},"end":{"line":112,"column":67}},"58":{"start":{"line":117,"column":0},"end":{"line":154,"column":2}},"59":{"start":{"line":118,"column":2},"end":{"line":153,"column":3}},"60":{"start":{"line":119,"column":17},"end":{"line":119,"column":61}},"61":{"start":{"line":120,"column":4},"end":{"line":122,"column":5}},"62":{"start":{"line":121,"column":6},"end":{"line":121,"column":79}},"63":{"start":{"line":125,"column":4},"end":{"line":135,"column":8}},"64":{"start":{"line":126,"column":6},"end":{"line":134,"column":7}},"65":{"start":{"line":127,"column":23},"end":{"line":127,"column":63}},"66":{"start":{"line":128,"column":8},"end":{"line":131,"column":10}},"67":{"start":{"line":133,"column":8},"end":{"line":133,"column":27}},"68":{"start":{"line":138,"column":4},"end":{"line":148,"column":5}},"69":{"start":{"line":139,"column":6},"end":{"line":147,"column":7}},"70":{"start":{"line":140,"column":24},"end":{"line":140,"column":69}},"71":{"start":{"line":141,"column":8},"end":{"line":144,"column":10}},"72":{"start":{"line":146,"column":8},"end":{"line":146,"column":27}},"73":{"start":{"line":150,"column":4},"end":{"line":150,"column":54}},"74":{"start":{"line":152,"column":4},"end":{"line":152,"column":67}},"75":{"start":{"line":156,"column":0},"end":{"line":183,"column":2}},"76":{"start":{"line":157,"column":18},"end":{"line":157,"column":28}},"77":{"start":{"line":158,"column":18},"end":{"line":158,"column":26}},"78":{"start":{"line":160,"column":2},"end":{"line":182,"column":3}},"79":{"start":{"line":161,"column":17},"end":{"line":161,"column":49}},"80":{"start":{"line":163,"column":4},"end":{"line":165,"column":5}},"81":{"start":{"line":164,"column":6},"end":{"line":164,"column":79}},"82":{"start":{"line":168,"column":4},"end":{"line":177,"column":5}},"83":{"start":{"line":169,"column":6},"end":{"line":169,"column":50}},"84":{"start":{"line":172,"column":6},"end":{"line":174,"column":9}},"85":{"start":{"line":173,"column":8},"end":{"line":173,"column":33}},"86":{"start":{"line":176,"column":6},"end":{"line":176,"column":24}},"87":{"start":{"line":178,"column":18},"end":{"line":178,"column":70}},"88":{"start":{"line":179,"column":4},"end":{"line":179,"column":57}},"89":{"start":{"line":181,"column":4},"end":{"line":181,"column":67}},"90":{"start":{"line":185,"column":0},"end":{"line":202,"column":2}},"91":{"start":{"line":186,"column":2},"end":{"line":201,"column":3}},"92":{"start":{"line":187,"column":23},"end":{"line":187,"column":56}},"93":{"start":{"line":188,"column":4},"end":{"line":188,"column":28}},"94":{"start":{"line":189,"column":20},"end":{"line":193,"column":6}},"95":{"start":{"line":195,"column":4},"end":{"line":195,"column":25}},"96":{"start":{"line":196,"column":18},"end":{"line":196,"column":38}},"97":{"start":{"line":197,"column":4},"end":{"line":197,"column":66}},"98":{"start":{"line":199,"column":4},"end":{"line":199,"column":22}},"99":{"start":{"line":200,"column":4},"end":{"line":200,"column":67}}},"fnMap":{"0":{"name":"(anonymous_0)","decl":{"start":{"line":10,"column":20},"end":{"line":10,"column":21}},"loc":{"start":{"line":10,"column":30},"end":{"line":12,"column":1}},"line":10},"1":{"name":"(anonymous_1)","decl":{"start":{"line":14,"column":27},"end":{"line":14,"column":28}},"loc":{"start":{"line":14,"column":47},"end":{"line":40,"column":1}},"line":14},"2":{"name":"(anonymous_2)","decl":{"start":{"line":44,"column":21},"end":{"line":44,"column":22}},"loc":{"start":{"line":44,"column":41},"end":{"line":53,"column":1}},"line":44},"3":{"name":"(anonymous_3)","decl":{"start":{"line":55,"column":16},"end":{"line":55,"column":17}},"loc":{"start":{"line":55,"column":36},"end":{"line":74,"column":1}},"line":55},"4":{"name":"(anonymous_4)","decl":{"start":{"line":78,"column":19},"end":{"line":78,"column":20}},"loc":{"start":{"line":78,"column":39},"end":{"line":85,"column":1}},"line":78},"5":{"name":"(anonymous_5)","decl":{"start":{"line":88,"column":22},"end":{"line":88,"column":23}},"loc":{"start":{"line":88,"column":42},"end":{"line":98,"column":1}},"line":88},"6":{"name":"(anonymous_6)","decl":{"start":{"line":101,"column":21},"end":{"line":101,"column":22}},"loc":{"start":{"line":101,"column":41},"end":{"line":114,"column":1}},"line":101},"7":{"name":"(anonymous_7)","decl":{"start":{"line":117,"column":21},"end":{"line":117,"column":22}},"loc":{"start":{"line":117,"column":41},"end":{"line":154,"column":1}},"line":117},"8":{"name":"(anonymous_8)","decl":{"start":{"line":125,"column":39},"end":{"line":125,"column":40}},"loc":{"start":{"line":125,"column":59},"end":{"line":135,"column":5}},"line":125},"9":{"name":"(anonymous_9)","decl":{"start":{"line":156,"column":22},"end":{"line":156,"column":23}},"loc":{"start":{"line":156,"column":42},"end":{"line":183,"column":1}},"line":156},"10":{"name":"(anonymous_10)","decl":{"start":{"line":172,"column":35},"end":{"line":172,"column":36}},"loc":{"start":{"line":172,"column":44},"end":{"line":174,"column":7}},"line":172},"11":{"name":"(anonymous_11)","decl":{"start":{"line":185,"column":24},"end":{"line":185,"column":25}},"loc":{"start":{"line":185,"column":44},"end":{"line":202,"column":1}},"line":185}},"branchMap":{"0":{"loc":{"start":{"line":26,"column":6},"end":{"line":28,"column":7}},"type":"if","locations":[{"start":{"line":26,"column":6},"end":{"line":28,"column":7}},{"start":{},"end":{}}],"line":26},"1":{"loc":{"start":{"line":60,"column":4},"end":{"line":62,"column":5}},"type":"if","locations":[{"start":{"line":60,"column":4},"end":{"line":62,"column":5}},{"start":{},"end":{}}],"line":60},"2":{"loc":{"start":{"line":65,"column":4},"end":{"line":67,"column":5}},"type":"if","locations":[{"start":{"line":65,"column":4},"end":{"line":67,"column":5}},{"start":{},"end":{}}],"line":65},"3":{"loc":{"start":{"line":91,"column":4},"end":{"line":93,"column":5}},"type":"if","locations":[{"start":{"line":91,"column":4},"end":{"line":93,"column":5}},{"start":{},"end":{}}],"line":91},"4":{"loc":{"start":{"line":107,"column":4},"end":{"line":109,"column":5}},"type":"if","locations":[{"start":{"line":107,"column":4},"end":{"line":109,"column":5}},{"start":{},"end":{}}],"line":107},"5":{"loc":{"start":{"line":120,"column":4},"end":{"line":122,"column":5}},"type":"if","locations":[{"start":{"line":120,"column":4},"end":{"line":122,"column":5}},{"start":{},"end":{}}],"line":120},"6":{"loc":{"start":{"line":138,"column":4},"end":{"line":148,"column":5}},"type":"if","locations":[{"start":{"line":138,"column":4},"end":{"line":148,"column":5}},{"start":{},"end":{}}],"line":138},"7":{"loc":{"start":{"line":163,"column":4},"end":{"line":165,"column":5}},"type":"if","locations":[{"start":{"line":163,"column":4},"end":{"line":165,"column":5}},{"start":{},"end":{}}],"line":163},"8":{"loc":{"start":{"line":168,"column":4},"end":{"line":177,"column":5}},"type":"if","locations":[{"start":{"line":168,"column":4},"end":{"line":177,"column":5}},{"start":{"line":170,"column":11},"end":{"line":177,"column":5}}],"line":168}},"s":{"0":1,"1":1,"2":1,"3":1,"4":1,"5":1,"6":1,"7":1,"8":0,"9":1,"10":0,"11":0,"12":0,"13":0,"14":0,"15":0,"16":0,"17":0,"18":0,"19":0,"20":1,"21":0,"22":0,"23":0,"24":0,"25":0,"26":0,"27":1,"28":0,"29":0,"30":0,"31":0,"32":0,"33":0,"34":0,"35":0,"36":0,"37":0,"38":0,"39":1,"40":1,"41":1,"42":1,"43":0,"44":1,"45":1,"46":1,"47":1,"48":0,"49":1,"50":0,"51":1,"52":1,"53":1,"54":0,"55":0,"56":0,"57":1,"58":1,"59":1,"60":1,"61":1,"62":0,"63":1,"64":0,"65":0,"66":0,"67":0,"68":1,"69":0,"70":0,"71":0,"72":0,"73":1,"74":0,"75":1,"76":0,"77":0,"78":0,"79":0,"80":0,"81":0,"82":0,"83":0,"84":0,"85":0,"86":0,"87":0,"88":0,"89":0,"90":1,"91":0,"92":0,"93":0,"94":0,"95":0,"96":0,"97":0,"98":0,"99":0},"f":{"0":0,"1":0,"2":0,"3":0,"4":1,"5":1,"6":1,"7":1,"8":0,"9":0,"10":0,"11":0},"b":{"0":[0,0],"1":[0,0],"2":[0,0],"3":[0,1],"4":[0,0],"5":[0,1],"6":[0,1],"7":[0,0],"8":[0,0]},"_coverageSchema":"1a1c01bbd47fc00a2c39e90264f33305004495a9","hash":"51000160a349b4b462290343ccf8af93637a4f4b"}
,"C:\\Users\\Daniel Mesa\\Desktop\\mitca\\backend\\models\\Message.js": {"path":"C:\\Users\\Daniel Mesa\\Desktop\\mitca\\backend\\models\\Message.js","statementMap":{"0":{"start":{"line":2,"column":17},"end":{"line":2,"column":36}},"1":{"start":{"line":4,"column":22},"end":{"line":8,"column":2}},"2":{"start":{"line":10,"column":16},"end":{"line":10,"column":56}},"3":{"start":{"line":12,"column":0},"end":{"line":12,"column":25}}},"fnMap":{},"branchMap":{},"s":{"0":1,"1":1,"2":1,"3":1},"f":{},"b":{},"_coverageSchema":"1a1c01bbd47fc00a2c39e90264f33305004495a9","hash":"7423233c90ad2748be0aecd37056eda365f43f74"}
,"C:\\Users\\Daniel Mesa\\Desktop\\mitca\\backend\\models\\Race.js": {"path":"C:\\Users\\Daniel Mesa\\Desktop\\mitca\\backend\\models\\Race.js","statementMap":{"0":{"start":{"line":1,"column":17},"end":{"line":1,"column":36}},"1":{"start":{"line":2,"column":14},"end":{"line":2,"column":32}},"2":{"start":{"line":3,"column":15},"end":{"line":3,"column":34}},"3":{"start":{"line":4,"column":15},"end":{"line":4,"column":34}},"4":{"start":{"line":5,"column":16},"end":{"line":5,"column":36}},"5":{"start":{"line":7,"column":19},"end":{"line":18,"column":2}},"6":{"start":{"line":20,"column":13},"end":{"line":20,"column":47}},"7":{"start":{"line":21,"column":0},"end":{"line":21,"column":22}}},"fnMap":{},"branchMap":{},"s":{"0":1,"1":1,"2":1,"3":1,"4":1,"5":1,"6":1,"7":1},"f":{},"b":{},"_coverageSchema":"1a1c01bbd47fc00a2c39e90264f33305004495a9","hash":"3b7032b20de71e299ed663a6e459fa31caf40b1e"}
,"C:\\Users\\Daniel Mesa\\Desktop\\mitca\\backend\\models\\Route.js": {"path":"C:\\Users\\Daniel Mesa\\Desktop\\mitca\\backend\\models\\Route.js","statementMap":{"0":{"start":{"line":1,"column":17},"end":{"line":1,"column":36}},"1":{"start":{"line":2,"column":13},"end":{"line":2,"column":30}},"2":{"start":{"line":3,"column":20},"end":{"line":8,"column":2}},"3":{"start":{"line":10,"column":14},"end":{"line":10,"column":50}},"4":{"start":{"line":11,"column":0},"end":{"line":11,"column":23}}},"fnMap":{},"branchMap":{},"s":{"0":1,"1":1,"2":1,"3":1,"4":1},"f":{},"b":{},"_coverageSchema":"1a1c01bbd47fc00a2c39e90264f33305004495a9","hash":"6174a7324f8959e2e8cb53708c424b2803c09f64"}
,"C:\\Users\\Daniel Mesa\\Desktop\\mitca\\backend\\models\\Runner.js": {"path":"C:\\Users\\Daniel Mesa\\Desktop\\mitca\\backend\\models\\Runner.js","statementMap":{"0":{"start":{"line":1,"column":17},"end":{"line":1,"column":36}},"1":{"start":{"line":3,"column":21},"end":{"line":32,"column":4}},"2":{"start":{"line":11,"column":10},"end":{"line":11,"column":68}},"3":{"start":{"line":13,"column":26},"end":{"line":13,"column":63}},"4":{"start":{"line":26,"column":10},"end":{"line":26,"column":42}},"5":{"start":{"line":28,"column":26},"end":{"line":28,"column":78}},"6":{"start":{"line":34,"column":15},"end":{"line":34,"column":53}},"7":{"start":{"line":35,"column":0},"end":{"line":35,"column":24}}},"fnMap":{"0":{"name":"(anonymous_0)","decl":{"start":{"line":9,"column":19},"end":{"line":9,"column":20}},"loc":{"start":{"line":9,"column":35},"end":{"line":12,"column":9}},"line":9},"1":{"name":"(anonymous_1)","decl":{"start":{"line":13,"column":17},"end":{"line":13,"column":18}},"loc":{"start":{"line":13,"column":26},"end":{"line":13,"column":63}},"line":13},"2":{"name":"(anonymous_2)","decl":{"start":{"line":24,"column":19},"end":{"line":24,"column":20}},"loc":{"start":{"line":24,"column":35},"end":{"line":27,"column":9}},"line":24},"3":{"name":"(anonymous_3)","decl":{"start":{"line":28,"column":17},"end":{"line":28,"column":18}},"loc":{"start":{"line":28,"column":26},"end":{"line":28,"column":78}},"line":28}},"branchMap":{},"s":{"0":1,"1":1,"2":5,"3":1,"4":7,"5":1,"6":1,"7":1},"f":{"0":5,"1":1,"2":7,"3":1},"b":{},"_coverageSchema":"1a1c01bbd47fc00a2c39e90264f33305004495a9","hash":"04b951a659778d07945c857a5a956778d6d2cda2"}
,"C:\\Users\\Daniel Mesa\\Desktop\\mitca\\backend\\models\\Sponsor.js": {"path":"C:\\Users\\Daniel Mesa\\Desktop\\mitca\\backend\\models\\Sponsor.js","statementMap":{"0":{"start":{"line":1,"column":17},"end":{"line":1,"column":36}},"1":{"start":{"line":3,"column":22},"end":{"line":18,"column":4}},"2":{"start":{"line":11,"column":10},"end":{"line":11,"column":55}},"3":{"start":{"line":13,"column":26},"end":{"line":13,"column":63}},"4":{"start":{"line":19,"column":16},"end":{"line":19,"column":56}},"5":{"start":{"line":20,"column":0},"end":{"line":20,"column":25}}},"fnMap":{"0":{"name":"(anonymous_0)","decl":{"start":{"line":9,"column":19},"end":{"line":9,"column":20}},"loc":{"start":{"line":9,"column":35},"end":{"line":12,"column":9}},"line":9},"1":{"name":"(anonymous_1)","decl":{"start":{"line":13,"column":17},"end":{"line":13,"column":18}},"loc":{"start":{"line":13,"column":26},"end":{"line":13,"column":63}},"line":13}},"branchMap":{},"s":{"0":1,"1":1,"2":1,"3":0,"4":1,"5":1},"f":{"0":1,"1":0},"b":{},"_coverageSchema":"1a1c01bbd47fc00a2c39e90264f33305004495a9","hash":"a0246226c88d29ad17f36e21a8fd414ee66cb7c4"}
,"C:\\Users\\Daniel Mesa\\Desktop\\mitca\\backend\\models\\Status.js": {"path":"C:\\Users\\Daniel Mesa\\Desktop\\mitca\\backend\\models\\Status.js","statementMap":{"0":{"start":{"line":1,"column":17},"end":{"line":1,"column":36}},"1":{"start":{"line":2,"column":13},"end":{"line":2,"column":30}},"2":{"start":{"line":4,"column":21},"end":{"line":9,"column":2}},"3":{"start":{"line":11,"column":15},"end":{"line":11,"column":53}},"4":{"start":{"line":12,"column":0},"end":{"line":12,"column":24}}},"fnMap":{},"branchMap":{},"s":{"0":1,"1":1,"2":1,"3":1,"4":1},"f":{},"b":{},"_coverageSchema":"1a1c01bbd47fc00a2c39e90264f33305004495a9","hash":"c44a172dc834b972c57ff8b9facd5fca41cfdb15"}
,"C:\\Users\\Daniel Mesa\\Desktop\\mitca\\backend\\models\\Subscription.js": {"path":"C:\\Users\\Daniel Mesa\\Desktop\\mitca\\backend\\models\\Subscription.js","statementMap":{"0":{"start":{"line":1,"column":17},"end":{"line":1,"column":37}},"1":{"start":{"line":2,"column":15},"end":{"line":2,"column":30}},"2":{"start":{"line":3,"column":21},"end":{"line":11,"column":2}},"3":{"start":{"line":12,"column":0},"end":{"line":12,"column":63}}},"fnMap":{},"branchMap":{},"s":{"0":1,"1":1,"2":1,"3":1},"f":{},"b":{},"_coverageSchema":"1a1c01bbd47fc00a2c39e90264f33305004495a9","hash":"2872af57f86dea5d631e0e36da0cd13fd4014309"}
,"C:\\Users\\Daniel Mesa\\Desktop\\mitca\\backend\\models\\User.js": {"path":"C:\\Users\\Daniel Mesa\\Desktop\\mitca\\backend\\models\\User.js","statementMap":{"0":{"start":{"line":1,"column":17},"end":{"line":1,"column":36}},"1":{"start":{"line":2,"column":15},"end":{"line":2,"column":32}},"2":{"start":{"line":3,"column":15},"end":{"line":3,"column":34}},"3":{"start":{"line":4,"column":16},"end":{"line":4,"column":36}},"4":{"start":{"line":6,"column":19},"end":{"line":59,"column":2}},"5":{"start":{"line":13,"column":8},"end":{"line":13,"column":52}},"6":{"start":{"line":15,"column":26},"end":{"line":15,"column":72}},"7":{"start":{"line":30,"column":8},"end":{"line":30,"column":66}},"8":{"start":{"line":32,"column":24},"end":{"line":32,"column":61}},"9":{"start":{"line":45,"column":8},"end":{"line":45,"column":40}},"10":{"start":{"line":47,"column":24},"end":{"line":47,"column":76}},"11":{"start":{"line":62,"column":0},"end":{"line":70,"column":3}},"12":{"start":{"line":63,"column":15},"end":{"line":63,"column":19}},"13":{"start":{"line":64,"column":2},"end":{"line":64,"column":50}},"14":{"start":{"line":64,"column":36},"end":{"line":64,"column":50}},"15":{"start":{"line":66,"column":15},"end":{"line":66,"column":39}},"16":{"start":{"line":67,"column":15},"end":{"line":67,"column":53}},"17":{"start":{"line":68,"column":2},"end":{"line":68,"column":23}},"18":{"start":{"line":69,"column":2},"end":{"line":69,"column":9}},"19":{"start":{"line":73,"column":0},"end":{"line":75,"column":2}},"20":{"start":{"line":74,"column":2},"end":{"line":74,"column":58}},"21":{"start":{"line":77,"column":13},"end":{"line":77,"column":47}},"22":{"start":{"line":78,"column":0},"end":{"line":78,"column":22}}},"fnMap":{"0":{"name":"(anonymous_0)","decl":{"start":{"line":12,"column":17},"end":{"line":12,"column":18}},"loc":{"start":{"line":12,"column":30},"end":{"line":14,"column":7}},"line":12},"1":{"name":"(anonymous_1)","decl":{"start":{"line":15,"column":15},"end":{"line":15,"column":16}},"loc":{"start":{"line":15,"column":26},"end":{"line":15,"column":72}},"line":15},"2":{"name":"(anonymous_2)","decl":{"start":{"line":28,"column":17},"end":{"line":28,"column":18}},"loc":{"start":{"line":28,"column":34},"end":{"line":31,"column":7}},"line":28},"3":{"name":"(anonymous_3)","decl":{"start":{"line":32,"column":15},"end":{"line":32,"column":16}},"loc":{"start":{"line":32,"column":24},"end":{"line":32,"column":61}},"line":32},"4":{"name":"(anonymous_4)","decl":{"start":{"line":43,"column":17},"end":{"line":43,"column":18}},"loc":{"start":{"line":43,"column":34},"end":{"line":46,"column":7}},"line":43},"5":{"name":"(anonymous_5)","decl":{"start":{"line":47,"column":15},"end":{"line":47,"column":16}},"loc":{"start":{"line":47,"column":24},"end":{"line":47,"column":76}},"line":47},"6":{"name":"(anonymous_6)","decl":{"start":{"line":62,"column":23},"end":{"line":62,"column":24}},"loc":{"start":{"line":62,"column":45},"end":{"line":70,"column":1}},"line":62},"7":{"name":"(anonymous_7)","decl":{"start":{"line":73,"column":37},"end":{"line":73,"column":38}},"loc":{"start":{"line":73,"column":72},"end":{"line":75,"column":1}},"line":73}},"branchMap":{"0":{"loc":{"start":{"line":64,"column":2},"end":{"line":64,"column":50}},"type":"if","locations":[{"start":{"line":64,"column":2},"end":{"line":64,"column":50}},{"start":{},"end":{}}],"line":64}},"s":{"0":1,"1":1,"2":1,"3":1,"4":1,"5":0,"6":0,"7":1,"8":0,"9":0,"10":0,"11":1,"12":0,"13":0,"14":0,"15":0,"16":0,"17":0,"18":0,"19":1,"20":0,"21":1,"22":1},"f":{"0":0,"1":0,"2":1,"3":0,"4":0,"5":0,"6":0,"7":0},"b":{"0":[0,0]},"_coverageSchema":"1a1c01bbd47fc00a2c39e90264f33305004495a9","hash":"7c7c34a5d5be09633c08eb0bf5f9e90a72003dbe"}
,"C:\\Users\\Daniel Mesa\\Desktop\\mitca\\backend\\routes\\DemoRouter.js": {"path":"C:\\Users\\Daniel Mesa\\Desktop\\mitca\\backend\\routes\\DemoRouter.js","statementMap":{"0":{"start":{"line":1,"column":14},"end":{"line":1,"column":32}},"1":{"start":{"line":2,"column":16},"end":{"line":2,"column":44}},"2":{"start":{"line":3,"column":15},"end":{"line":3,"column":42}},"3":{"start":{"line":4,"column":13},"end":{"line":4,"column":38}},"4":{"start":{"line":5,"column":14},"end":{"line":5,"column":40}},"5":{"start":{"line":6,"column":15},"end":{"line":6,"column":42}},"6":{"start":{"line":7,"column":13},"end":{"line":7,"column":38}},"7":{"start":{"line":8,"column":17},"end":{"line":8,"column":33}},"8":{"start":{"line":10,"column":0},"end":{"line":144,"column":7}},"9":{"start":{"line":12,"column":8},"end":{"line":143,"column":9}},"10":{"start":{"line":15,"column":12},"end":{"line":22,"column":15}},"11":{"start":{"line":25,"column":12},"end":{"line":36,"column":15}},"12":{"start":{"line":40,"column":12},"end":{"line":53,"column":15}},"13":{"start":{"line":57,"column":12},"end":{"line":85,"column":15}},"14":{"start":{"line":88,"column":27},"end":{"line":93,"column":14}},"15":{"start":{"line":95,"column":27},"end":{"line":100,"column":14}},"16":{"start":{"line":103,"column":28},"end":{"line":106,"column":14}},"17":{"start":{"line":108,"column":28},"end":{"line":111,"column":14}},"18":{"start":{"line":114,"column":12},"end":{"line":137,"column":15}},"19":{"start":{"line":139,"column":12},"end":{"line":139,"column":55}},"20":{"start":{"line":141,"column":12},"end":{"line":141,"column":62}},"21":{"start":{"line":142,"column":12},"end":{"line":142,"column":105}},"22":{"start":{"line":146,"column":0},"end":{"line":146,"column":28}}},"fnMap":{"0":{"name":"(anonymous_0)","decl":{"start":{"line":11,"column":9},"end":{"line":11,"column":10}},"loc":{"start":{"line":11,"column":29},"end":{"line":144,"column":5}},"line":11}},"branchMap":{},"s":{"0":1,"1":1,"2":1,"3":1,"4":1,"5":1,"6":1,"7":1,"8":1,"9":0,"10":0,"11":0,"12":0,"13":0,"14":0,"15":0,"16":0,"17":0,"18":0,"19":0,"20":0,"21":0,"22":1},"f":{"0":0},"b":{},"_coverageSchema":"1a1c01bbd47fc00a2c39e90264f33305004495a9","hash":"b3963140058e5abedcc3dc82c0131086324b79c7"}
,"C:\\Users\\Daniel Mesa\\Desktop\\mitca\\backend\\routes\\MessageRouter.js": {"path":"C:\\Users\\Daniel Mesa\\Desktop\\mitca\\backend\\routes\\MessageRouter.js","statementMap":{"0":{"start":{"line":2,"column":16},"end":{"line":2,"column":34}},"1":{"start":{"line":3,"column":22},"end":{"line":3,"column":38}},"2":{"start":{"line":4,"column":26},"end":{"line":4,"column":69}},"3":{"start":{"line":7,"column":0},"end":{"line":9,"column":40}},"4":{"start":{"line":11,"column":0},"end":{"line":14,"column":42}},"5":{"start":{"line":17,"column":0},"end":{"line":17,"column":31}}},"fnMap":{},"branchMap":{},"s":{"0":1,"1":1,"2":1,"3":1,"4":1,"5":1},"f":{},"b":{},"_coverageSchema":"1a1c01bbd47fc00a2c39e90264f33305004495a9","hash":"c111582607bb8a22043ea351e7fc8764c62509a8"}
,"C:\\Users\\Daniel Mesa\\Desktop\\mitca\\backend\\routes\\RaceRouter.js": {"path":"C:\\Users\\Daniel Mesa\\Desktop\\mitca\\backend\\routes\\RaceRouter.js","statementMap":{"0":{"start":{"line":1,"column":14},"end":{"line":1,"column":32}},"1":{"start":{"line":2,"column":17},"end":{"line":2,"column":33}},"2":{"start":{"line":4,"column":21},"end":{"line":4,"column":61}},"3":{"start":{"line":6,"column":14},"end":{"line":6,"column":31}},"4":{"start":{"line":7,"column":14},"end":{"line":27,"column":2}},"5":{"start":{"line":9,"column":6},"end":{"line":9,"column":34}},"6":{"start":{"line":12,"column":21},"end":{"line":12,"column":23}},"7":{"start":{"line":13,"column":6},"end":{"line":15,"column":7}},"8":{"start":{"line":14,"column":8},"end":{"line":14,"column":25}},"9":{"start":{"line":16,"column":6},"end":{"line":18,"column":7}},"10":{"start":{"line":17,"column":8},"end":{"line":17,"column":25}},"11":{"start":{"line":19,"column":6},"end":{"line":21,"column":7}},"12":{"start":{"line":20,"column":8},"end":{"line":20,"column":25}},"13":{"start":{"line":22,"column":6},"end":{"line":24,"column":7}},"14":{"start":{"line":23,"column":8},"end":{"line":23,"column":25}},"15":{"start":{"line":25,"column":6},"end":{"line":25,"column":55}},"16":{"start":{"line":29,"column":13},"end":{"line":29,"column":39}},"17":{"start":{"line":33,"column":0},"end":{"line":36,"column":39}},"18":{"start":{"line":38,"column":0},"end":{"line":42,"column":35}},"19":{"start":{"line":44,"column":2},"end":{"line":44,"column":81}},"20":{"start":{"line":45,"column":0},"end":{"line":45,"column":28}}},"fnMap":{"0":{"name":"(anonymous_0)","decl":{"start":{"line":8,"column":17},"end":{"line":8,"column":18}},"loc":{"start":{"line":8,"column":36},"end":{"line":10,"column":5}},"line":8},"1":{"name":"(anonymous_1)","decl":{"start":{"line":11,"column":14},"end":{"line":11,"column":15}},"loc":{"start":{"line":11,"column":33},"end":{"line":26,"column":5}},"line":11}},"branchMap":{"0":{"loc":{"start":{"line":13,"column":6},"end":{"line":15,"column":7}},"type":"if","locations":[{"start":{"line":13,"column":6},"end":{"line":15,"column":7}},{"start":{},"end":{}}],"line":13},"1":{"loc":{"start":{"line":16,"column":6},"end":{"line":18,"column":7}},"type":"if","locations":[{"start":{"line":16,"column":6},"end":{"line":18,"column":7}},{"start":{},"end":{}}],"line":16},"2":{"loc":{"start":{"line":19,"column":6},"end":{"line":21,"column":7}},"type":"if","locations":[{"start":{"line":19,"column":6},"end":{"line":21,"column":7}},{"start":{},"end":{}}],"line":19},"3":{"loc":{"start":{"line":22,"column":6},"end":{"line":24,"column":7}},"type":"if","locations":[{"start":{"line":22,"column":6},"end":{"line":24,"column":7}},{"start":{},"end":{}}],"line":22}},"s":{"0":1,"1":1,"2":1,"3":1,"4":1,"5":0,"6":0,"7":0,"8":0,"9":0,"10":0,"11":0,"12":0,"13":0,"14":0,"15":0,"16":1,"17":1,"18":1,"19":1,"20":1},"f":{"0":0,"1":0},"b":{"0":[0,0],"1":[0,0],"2":[0,0],"3":[0,0]},"_coverageSchema":"1a1c01bbd47fc00a2c39e90264f33305004495a9","hash":"b903eb824fca65d1f94188d8e55a17fad7246126"}
,"C:\\Users\\Daniel Mesa\\Desktop\\mitca\\backend\\routes\\RouteRouter.js": {"path":"C:\\Users\\Daniel Mesa\\Desktop\\mitca\\backend\\routes\\RouteRouter.js","statementMap":{"0":{"start":{"line":1,"column":16},"end":{"line":1,"column":34}},"1":{"start":{"line":2,"column":20},"end":{"line":2,"column":36}},"2":{"start":{"line":3,"column":24},"end":{"line":3,"column":65}},"3":{"start":{"line":5,"column":0},"end":{"line":7,"column":34}},"4":{"start":{"line":9,"column":0},"end":{"line":12,"column":39}},"5":{"start":{"line":14,"column":0},"end":{"line":14,"column":29}}},"fnMap":{},"branchMap":{},"s":{"0":1,"1":1,"2":1,"3":1,"4":1,"5":1},"f":{},"b":{},"_coverageSchema":"1a1c01bbd47fc00a2c39e90264f33305004495a9","hash":"96f70211ea236e9ddbb49e7225f50de0c7cde25a"}
,"C:\\Users\\Daniel Mesa\\Desktop\\mitca\\backend\\routes\\RunnerRouter.js": {"path":"C:\\Users\\Daniel Mesa\\Desktop\\mitca\\backend\\routes\\RunnerRouter.js","statementMap":{"0":{"start":{"line":1,"column":16},"end":{"line":1,"column":34}},"1":{"start":{"line":2,"column":21},"end":{"line":2,"column":37}},"2":{"start":{"line":3,"column":25},"end":{"line":3,"column":67}},"3":{"start":{"line":5,"column":0},"end":{"line":7,"column":36}},"4":{"start":{"line":9,"column":0},"end":{"line":12,"column":41}},"5":{"start":{"line":14,"column":0},"end":{"line":14,"column":30}}},"fnMap":{},"branchMap":{},"s":{"0":1,"1":1,"2":1,"3":1,"4":1,"5":1},"f":{},"b":{},"_coverageSchema":"1a1c01bbd47fc00a2c39e90264f33305004495a9","hash":"c3bb2a7f0e3704260b8d44e33ed51b29e64ff60b"}
,"C:\\Users\\Daniel Mesa\\Desktop\\mitca\\backend\\routes\\SponsorRouter.js": {"path":"C:\\Users\\Daniel Mesa\\Desktop\\mitca\\backend\\routes\\SponsorRouter.js","statementMap":{"0":{"start":{"line":1,"column":16},"end":{"line":1,"column":34}},"1":{"start":{"line":2,"column":22},"end":{"line":2,"column":38}},"2":{"start":{"line":3,"column":26},"end":{"line":3,"column":69}},"3":{"start":{"line":5,"column":0},"end":{"line":7,"column":38}},"4":{"start":{"line":9,"column":0},"end":{"line":12,"column":43}},"5":{"start":{"line":14,"column":2},"end":{"line":14,"column":80}},"6":{"start":{"line":16,"column":0},"end":{"line":16,"column":31}}},"fnMap":{},"branchMap":{},"s":{"0":1,"1":1,"2":1,"3":1,"4":1,"5":1,"6":1},"f":{},"b":{},"_coverageSchema":"1a1c01bbd47fc00a2c39e90264f33305004495a9","hash":"60fbd072f0f8042e710c8cf0eb2bf72fcaf62b49"}
,"C:\\Users\\Daniel Mesa\\Desktop\\mitca\\backend\\routes\\StatusRouter.js": {"path":"C:\\Users\\Daniel Mesa\\Desktop\\mitca\\backend\\routes\\StatusRouter.js","statementMap":{"0":{"start":{"line":1,"column":16},"end":{"line":1,"column":34}},"1":{"start":{"line":2,"column":21},"end":{"line":2,"column":37}},"2":{"start":{"line":3,"column":25},"end":{"line":3,"column":67}},"3":{"start":{"line":5,"column":0},"end":{"line":7,"column":37}},"4":{"start":{"line":9,"column":0},"end":{"line":12,"column":41}},"5":{"start":{"line":14,"column":0},"end":{"line":14,"column":30}}},"fnMap":{},"branchMap":{},"s":{"0":1,"1":1,"2":1,"3":1,"4":1,"5":1},"f":{},"b":{},"_coverageSchema":"1a1c01bbd47fc00a2c39e90264f33305004495a9","hash":"945403623990dd9332fc1c95a8170efd3eb84053"}
,"C:\\Users\\Daniel Mesa\\Desktop\\mitca\\backend\\routes\\SubscriptionRouter.js": {"path":"C:\\Users\\Daniel Mesa\\Desktop\\mitca\\backend\\routes\\SubscriptionRouter.js","statementMap":{"0":{"start":{"line":1,"column":16},"end":{"line":1,"column":34}},"1":{"start":{"line":2,"column":28},"end":{"line":2,"column":44}},"2":{"start":{"line":3,"column":32},"end":{"line":3,"column":80}},"3":{"start":{"line":6,"column":0},"end":{"line":6,"column":71}},"4":{"start":{"line":8,"column":2},"end":{"line":8,"column":126}},"5":{"start":{"line":9,"column":1},"end":{"line":9,"column":89}},"6":{"start":{"line":10,"column":1},"end":{"line":10,"column":63}},"7":{"start":{"line":11,"column":0},"end":{"line":11,"column":36}}},"fnMap":{},"branchMap":{},"s":{"0":1,"1":1,"2":1,"3":1,"4":1,"5":1,"6":1,"7":1},"f":{},"b":{},"_coverageSchema":"1a1c01bbd47fc00a2c39e90264f33305004495a9","hash":"b1a379dea83c6050d676fb3ab00d66abf60605fa"}
,"C:\\Users\\Daniel Mesa\\Desktop\\mitca\\backend\\routes\\UserRouter.js": {"path":"C:\\Users\\Daniel Mesa\\Desktop\\mitca\\backend\\routes\\UserRouter.js","statementMap":{"0":{"start":{"line":1,"column":16},"end":{"line":1,"column":34}},"1":{"start":{"line":2,"column":19},"end":{"line":2,"column":35}},"2":{"start":{"line":3,"column":23},"end":{"line":3,"column":63}},"3":{"start":{"line":5,"column":0},"end":{"line":7,"column":32}},"4":{"start":{"line":9,"column":0},"end":{"line":13,"column":37}},"5":{"start":{"line":14,"column":2},"end":{"line":14,"column":67}},"6":{"start":{"line":16,"column":2},"end":{"line":16,"column":56}},"7":{"start":{"line":17,"column":2},"end":{"line":17,"column":73}},"8":{"start":{"line":18,"column":0},"end":{"line":18,"column":28}}},"fnMap":{},"branchMap":{},"s":{"0":1,"1":1,"2":1,"3":1,"4":1,"5":1,"6":1,"7":1,"8":1},"f":{},"b":{},"_coverageSchema":"1a1c01bbd47fc00a2c39e90264f33305004495a9","hash":"cebca2fb3b125e3199a9ca4fdca7488e91eb51bc"}
}
